{"/home/travis/build/npmtest/node-npmtest-react-foundation-components/test.js":{"path":"/home/travis/build/npmtest/node-npmtest-react-foundation-components/test.js","s":{"1":2,"2":2,"3":2,"4":2,"5":2,"6":2,"7":2,"8":1,"9":2,"10":2,"11":1,"12":1,"13":1,"14":1,"15":2,"16":2,"17":2,"18":2,"19":1,"20":1,"21":2,"22":2,"23":2,"24":1,"25":1,"26":1,"27":1,"28":1,"29":1,"30":1,"31":1,"32":1,"33":1,"34":1,"35":1,"36":1,"37":1,"38":1,"39":2,"40":2,"41":1,"42":2,"43":2,"44":1,"45":2,"46":2,"47":1,"48":2,"49":2,"50":1,"51":1,"52":1,"53":1,"54":1},"b":{"1":[2,1,1,1],"2":[1,1,1,1],"3":[1,1],"4":[1,1],"5":[1,1],"6":[1,1],"7":[1,1],"8":[1,1],"9":[1,1],"10":[1,1,1],"11":[1,1],"12":[1,1],"13":[1,1],"14":[1,1],"15":[1,1],"16":[1,1],"17":[1,1]},"f":{"1":2,"2":2,"3":2,"4":2,"5":2,"6":1,"7":1,"8":1,"9":2,"10":2,"11":2,"12":2,"13":1},"fnMap":{"1":{"name":"(anonymous_1)","line":12,"loc":{"start":{"line":12,"column":1},"end":{"line":12,"column":13}}},"2":{"name":"(anonymous_2)","line":19,"loc":{"start":{"line":19,"column":5},"end":{"line":19,"column":17}}},"3":{"name":"(anonymous_3)","line":23,"loc":{"start":{"line":23,"column":24},"end":{"line":23,"column":36}}},"4":{"name":"(anonymous_4)","line":61,"loc":{"start":{"line":61,"column":5},"end":{"line":61,"column":17}}},"5":{"name":"(anonymous_5)","line":82,"loc":{"start":{"line":82,"column":5},"end":{"line":82,"column":17}}},"6":{"name":"(anonymous_6)","line":91,"loc":{"start":{"line":91,"column":77},"end":{"line":94,"column":10}}},"7":{"name":"(anonymous_7)","line":112,"loc":{"start":{"line":112,"column":83},"end":{"line":115,"column":10}},"skip":true},"8":{"name":"(anonymous_8)","line":123,"loc":{"start":{"line":123,"column":77},"end":{"line":126,"column":10}},"skip":true},"9":{"name":"(anonymous_9)","line":139,"loc":{"start":{"line":139,"column":12},"end":{"line":139,"column":40}},"skip":true},"10":{"name":"(anonymous_10)","line":147,"loc":{"start":{"line":147,"column":77},"end":{"line":150,"column":10}},"skip":true},"11":{"name":"(anonymous_11)","line":158,"loc":{"start":{"line":158,"column":83},"end":{"line":161,"column":10}},"skip":true},"12":{"name":"(anonymous_12)","line":169,"loc":{"start":{"line":169,"column":79},"end":{"line":172,"column":10}},"skip":true},"13":{"name":"(anonymous_13)","line":180,"loc":{"start":{"line":180,"column":75},"end":{"line":183,"column":10}},"skip":true}},"statementMap":{"1":{"start":{"line":12,"column":0},"end":{"line":195,"column":5}},"2":{"start":{"line":14,"column":4},"end":{"line":14,"column":14}},"3":{"start":{"line":19,"column":4},"end":{"line":56,"column":9}},"4":{"start":{"line":21,"column":8},"end":{"line":21,"column":19}},"5":{"start":{"line":23,"column":8},"end":{"line":35,"column":13}},"6":{"start":{"line":24,"column":12},"end":{"line":34,"column":13}},"7":{"start":{"line":25,"column":16},"end":{"line":28,"column":30}},"8":{"start":{"line":30,"column":16},"end":{"line":33,"column":27}},"9":{"start":{"line":37,"column":8},"end":{"line":39,"column":21}},"10":{"start":{"line":40,"column":8},"end":{"line":53,"column":9}},"11":{"start":{"line":43,"column":12},"end":{"line":46,"column":14}},"12":{"start":{"line":47,"column":12},"end":{"line":47,"column":18}},"13":{"start":{"line":50,"column":12},"end":{"line":51,"column":33}},"14":{"start":{"line":52,"column":12},"end":{"line":52,"column":18}},"15":{"start":{"line":55,"column":8},"end":{"line":55,"column":35}},"16":{"start":{"line":61,"column":4},"end":{"line":63,"column":9}},"17":{"start":{"line":62,"column":8},"end":{"line":62,"column":15}},"18":{"start":{"line":64,"column":4},"end":{"line":77,"column":5}},"19":{"start":{"line":70,"column":8},"end":{"line":70,"column":14}},"20":{"start":{"line":76,"column":8},"end":{"line":76,"column":14}},"21":{"start":{"line":82,"column":4},"end":{"line":84,"column":9}},"22":{"start":{"line":83,"column":8},"end":{"line":83,"column":15}},"23":{"start":{"line":85,"column":4},"end":{"line":194,"column":5}},"24":{"start":{"line":91,"column":8},"end":{"line":99,"column":10}},"25":{"start":{"line":98,"column":12},"end":{"line":98,"column":35}},"26":{"start":{"line":102,"column":8},"end":{"line":104,"column":63}},"27":{"start":{"line":105,"column":8},"end":{"line":105,"column":14}},"28":{"start":{"line":112,"column":8},"end":{"line":121,"column":10},"skip":true},"29":{"start":{"line":119,"column":12},"end":{"line":119,"column":55},"skip":true},"30":{"start":{"line":120,"column":12},"end":{"line":120,"column":48},"skip":true},"31":{"start":{"line":123,"column":8},"end":{"line":136,"column":10},"skip":true},"32":{"start":{"line":130,"column":12},"end":{"line":130,"column":76},"skip":true},"33":{"start":{"line":131,"column":12},"end":{"line":131,"column":73},"skip":true},"34":{"start":{"line":132,"column":12},"end":{"line":132,"column":74},"skip":true},"35":{"start":{"line":133,"column":12},"end":{"line":133,"column":79},"skip":true},"36":{"start":{"line":134,"column":12},"end":{"line":134,"column":25},"skip":true},"37":{"start":{"line":135,"column":12},"end":{"line":135,"column":45},"skip":true},"38":{"start":{"line":138,"column":8},"end":{"line":145,"column":14},"skip":true},"39":{"start":{"line":143,"column":16},"end":{"line":143,"column":29},"skip":true},"40":{"start":{"line":144,"column":16},"end":{"line":144,"column":55},"skip":true},"41":{"start":{"line":147,"column":8},"end":{"line":156,"column":10},"skip":true},"42":{"start":{"line":154,"column":12},"end":{"line":154,"column":25},"skip":true},"43":{"start":{"line":155,"column":12},"end":{"line":155,"column":45},"skip":true},"44":{"start":{"line":158,"column":8},"end":{"line":167,"column":10},"skip":true},"45":{"start":{"line":165,"column":12},"end":{"line":165,"column":25},"skip":true},"46":{"start":{"line":166,"column":12},"end":{"line":166,"column":48},"skip":true},"47":{"start":{"line":169,"column":8},"end":{"line":178,"column":10},"skip":true},"48":{"start":{"line":176,"column":12},"end":{"line":176,"column":25},"skip":true},"49":{"start":{"line":177,"column":12},"end":{"line":177,"column":46},"skip":true},"50":{"start":{"line":180,"column":8},"end":{"line":189,"column":10},"skip":true},"51":{"start":{"line":187,"column":12},"end":{"line":187,"column":94},"skip":true},"52":{"start":{"line":188,"column":12},"end":{"line":188,"column":48},"skip":true},"53":{"start":{"line":192,"column":8},"end":{"line":192,"column":35},"skip":true},"54":{"start":{"line":193,"column":8},"end":{"line":193,"column":14},"skip":true}},"branchMap":{"1":{"line":25,"type":"binary-expr","locations":[{"start":{"line":25,"column":23},"end":{"line":25,"column":62}},{"start":{"line":26,"column":20},"end":{"line":26,"column":70}},{"start":{"line":27,"column":20},"end":{"line":27,"column":71}},{"start":{"line":28,"column":20},"end":{"line":28,"column":29}}]},"2":{"line":30,"type":"binary-expr","locations":[{"start":{"line":30,"column":23},"end":{"line":30,"column":37}},{"start":{"line":31,"column":20},"end":{"line":31,"column":61}},{"start":{"line":32,"column":20},"end":{"line":32,"column":70}},{"start":{"line":33,"column":20},"end":{"line":33,"column":26}}]},"3":{"line":37,"type":"cond-expr","locations":[{"start":{"line":38,"column":14},"end":{"line":38,"column":20}},{"start":{"line":39,"column":14},"end":{"line":39,"column":20}}]},"4":{"line":40,"type":"switch","locations":[{"start":{"line":42,"column":8},"end":{"line":47,"column":18}},{"start":{"line":49,"column":8},"end":{"line":52,"column":18}}]},"5":{"line":44,"type":"binary-expr","locations":[{"start":{"line":44,"column":16},"end":{"line":44,"column":44}},{"start":{"line":44,"column":48},"end":{"line":44,"column":66}}]},"6":{"line":50,"type":"binary-expr","locations":[{"start":{"line":50,"column":21},"end":{"line":50,"column":49}},{"start":{"line":50,"column":53},"end":{"line":50,"column":72}}]},"7":{"line":64,"type":"switch","locations":[{"start":{"line":69,"column":4},"end":{"line":70,"column":14}},{"start":{"line":75,"column":4},"end":{"line":76,"column":14}}]},"8":{"line":85,"type":"switch","locations":[{"start":{"line":90,"column":4},"end":{"line":105,"column":14}},{"start":{"line":111,"column":4},"end":{"line":193,"column":14},"skip":true}]},"9":{"line":91,"type":"binary-expr","locations":[{"start":{"line":91,"column":42},"end":{"line":91,"column":73}},{"start":{"line":91,"column":77},"end":{"line":99,"column":9}}]},"10":{"line":102,"type":"binary-expr","locations":[{"start":{"line":102,"column":18},"end":{"line":102,"column":32}},{"start":{"line":103,"column":12},"end":{"line":103,"column":53}},{"start":{"line":104,"column":12},"end":{"line":104,"column":61}}]},"11":{"line":112,"type":"binary-expr","locations":[{"start":{"line":112,"column":45},"end":{"line":112,"column":79},"skip":true},{"start":{"line":112,"column":83},"end":{"line":121,"column":9},"skip":true}]},"12":{"line":123,"type":"binary-expr","locations":[{"start":{"line":123,"column":42},"end":{"line":123,"column":73},"skip":true},{"start":{"line":123,"column":77},"end":{"line":136,"column":9},"skip":true}]},"13":{"line":138,"type":"binary-expr","locations":[{"start":{"line":138,"column":48},"end":{"line":138,"column":85},"skip":true},{"start":{"line":139,"column":12},"end":{"line":145,"column":13},"skip":true}]},"14":{"line":147,"type":"binary-expr","locations":[{"start":{"line":147,"column":42},"end":{"line":147,"column":73},"skip":true},{"start":{"line":147,"column":77},"end":{"line":156,"column":9},"skip":true}]},"15":{"line":158,"type":"binary-expr","locations":[{"start":{"line":158,"column":45},"end":{"line":158,"column":79},"skip":true},{"start":{"line":158,"column":83},"end":{"line":167,"column":9},"skip":true}]},"16":{"line":169,"type":"binary-expr","locations":[{"start":{"line":169,"column":43},"end":{"line":169,"column":75},"skip":true},{"start":{"line":169,"column":79},"end":{"line":178,"column":9},"skip":true}]},"17":{"line":180,"type":"binary-expr","locations":[{"start":{"line":180,"column":41},"end":{"line":180,"column":71},"skip":true},{"start":{"line":180,"column":75},"end":{"line":189,"column":9},"skip":true}]}},"code":["/* istanbul instrument in package npmtest_react_foundation_components */","/*jslint","    bitwise: true,","    browser: true,","    maxerr: 8,","    maxlen: 96,","    node: true,","    nomen: true,","    regexp: true,","    stupid: true","*/","(function () {","    'use strict';","    var local;","","","","    // run shared js-env code - init-before","    (function () {","        // init local","        local = {};","        // init modeJs","        local.modeJs = (function () {","            try {","                return typeof navigator.userAgent === 'string' &&","                    typeof document.querySelector('body') === 'object' &&","                    typeof XMLHttpRequest.prototype.open === 'function' &&","                    'browser';","            } catch (errorCaughtBrowser) {","                return module.exports &&","                    typeof process.versions.node === 'string' &&","                    typeof require('http').createServer === 'function' &&","                    'node';","            }","        }());","        // init global","        local.global = local.modeJs === 'browser'","            ? window","            : global;","        switch (local.modeJs) {","        // re-init local from window.local","        case 'browser':","            local = local.global.utility2.objectSetDefault(","                local.global.utility2_rollup || local.global.local,","                local.global.utility2","            );","            break;","        // re-init local from example.js","        case 'node':","            local = (local.global.utility2_rollup || require('utility2'))","                .requireReadme();","            break;","        }","        // export local","        local.global.local = local;","    }());","","","","    // run shared js-env code - function","    (function () {","        return;","    }());","    switch (local.modeJs) {","","","","    // run browser js-env code - function","    case 'browser':","        break;","","","","    // run node js-env code - function","    case 'node':","        break;","    }","","","","    // run shared js-env code - init-after","    (function () {","        return;","    }());","    switch (local.modeJs) {","","","","    // run browser js-env code - init-after","    case 'browser':","        local.testCase_browser_nullCase = local.testCase_browser_nullCase || function (","            options,","            onError","        ) {","        /*","         * this function will test browsers's null-case handling-behavior-behavior","         */","            onError(null, options);","        };","","        // run tests","        local.nop(local.modeTest &&","            document.querySelector('#testRunButton1') &&","            document.querySelector('#testRunButton1').click());","        break;","","","","    // run node js-env code - init-after","    /* istanbul ignore next */","    case 'node':","        local.testCase_buildApidoc_default = local.testCase_buildApidoc_default || function (","            options,","            onError","        ) {","        /*","         * this function will test buildApidoc's default handling-behavior-behavior","         */","            options = { modulePathList: module.paths };","            local.buildApidoc(options, onError);","        };","","        local.testCase_buildApp_default = local.testCase_buildApp_default || function (","            options,","            onError","        ) {","        /*","         * this function will test buildApp's default handling-behavior-behavior","         */","            local.testCase_buildReadme_default(options, local.onErrorThrow);","            local.testCase_buildLib_default(options, local.onErrorThrow);","            local.testCase_buildTest_default(options, local.onErrorThrow);","            local.testCase_buildCustomOrg_default(options, local.onErrorThrow);","            options = [];","            local.buildApp(options, onError);","        };","","        local.testCase_buildCustomOrg_default = local.testCase_buildCustomOrg_default ||","            function (options, onError) {","            /*","             * this function will test buildCustomOrg's default handling-behavior","             */","                options = {};","                local.buildCustomOrg(options, onError);","            };","","        local.testCase_buildLib_default = local.testCase_buildLib_default || function (","            options,","            onError","        ) {","        /*","         * this function will test buildLib's default handling-behavior","         */","            options = {};","            local.buildLib(options, onError);","        };","","        local.testCase_buildReadme_default = local.testCase_buildReadme_default || function (","            options,","            onError","        ) {","        /*","         * this function will test buildReadme's default handling-behavior-behavior","         */","            options = {};","            local.buildReadme(options, onError);","        };","","        local.testCase_buildTest_default = local.testCase_buildTest_default || function (","            options,","            onError","        ) {","        /*","         * this function will test buildTest's default handling-behavior","         */","            options = {};","            local.buildTest(options, onError);","        };","","        local.testCase_webpage_default = local.testCase_webpage_default || function (","            options,","            onError","        ) {","        /*","         * this function will test webpage's default handling-behavior","         */","            options = { modeCoverageMerge: true, url: local.serverLocalHost + '?modeTest=1' };","            local.browserTest(options, onError);","        };","","        // run test-server","        local.testRunServer(local);","        break;","    }","}());",""],"l":{"12":2,"14":2,"19":2,"21":2,"23":2,"24":2,"25":2,"30":1,"37":2,"40":2,"43":1,"47":1,"50":1,"52":1,"55":2,"61":2,"62":2,"64":2,"70":1,"76":1,"82":2,"83":2,"85":2,"91":1,"98":1,"102":1,"105":1,"112":1,"119":1,"120":1,"123":1,"130":1,"131":1,"132":1,"133":1,"134":1,"135":1,"138":1,"143":2,"144":2,"147":1,"154":2,"155":2,"158":1,"165":2,"166":2,"169":1,"176":2,"177":2,"180":1,"187":1,"188":1,"192":1,"193":1}},"/home/travis/build/npmtest/node-npmtest-react-foundation-components/lib.npmtest_react_foundation_components.js":{"path":"/home/travis/build/npmtest/node-npmtest-react-foundation-components/lib.npmtest_react_foundation_components.js","s":{"1":2,"2":2,"3":2,"4":2,"5":2,"6":2,"7":2,"8":1,"9":2,"10":2,"11":2,"12":2,"13":1,"14":1,"15":1,"16":1},"b":{"1":[2,1,1,1],"2":[1,1,1,1],"3":[1,1],"4":[2,2],"5":[1,1]},"f":{"1":2,"2":2,"3":2},"fnMap":{"1":{"name":"(anonymous_1)","line":12,"loc":{"start":{"line":12,"column":1},"end":{"line":12,"column":13}}},"2":{"name":"(anonymous_2)","line":19,"loc":{"start":{"line":19,"column":5},"end":{"line":19,"column":17}}},"3":{"name":"(anonymous_3)","line":23,"loc":{"start":{"line":23,"column":24},"end":{"line":23,"column":36}}}},"statementMap":{"1":{"start":{"line":12,"column":0},"end":{"line":53,"column":5}},"2":{"start":{"line":14,"column":4},"end":{"line":14,"column":14}},"3":{"start":{"line":19,"column":4},"end":{"line":52,"column":9}},"4":{"start":{"line":21,"column":8},"end":{"line":21,"column":19}},"5":{"start":{"line":23,"column":8},"end":{"line":35,"column":13}},"6":{"start":{"line":24,"column":12},"end":{"line":34,"column":13}},"7":{"start":{"line":25,"column":16},"end":{"line":28,"column":30}},"8":{"start":{"line":30,"column":16},"end":{"line":33,"column":27}},"9":{"start":{"line":37,"column":8},"end":{"line":39,"column":21}},"10":{"start":{"line":41,"column":8},"end":{"line":41,"column":54}},"11":{"start":{"line":43,"column":8},"end":{"line":43,"column":72}},"12":{"start":{"line":45,"column":8},"end":{"line":51,"column":9}},"13":{"start":{"line":46,"column":12},"end":{"line":46,"column":78}},"14":{"start":{"line":48,"column":12},"end":{"line":48,"column":35}},"15":{"start":{"line":49,"column":12},"end":{"line":49,"column":49}},"16":{"start":{"line":50,"column":12},"end":{"line":50,"column":43}}},"branchMap":{"1":{"line":25,"type":"binary-expr","locations":[{"start":{"line":25,"column":23},"end":{"line":25,"column":62}},{"start":{"line":26,"column":20},"end":{"line":26,"column":70}},{"start":{"line":27,"column":20},"end":{"line":27,"column":71}},{"start":{"line":28,"column":20},"end":{"line":28,"column":29}}]},"2":{"line":30,"type":"binary-expr","locations":[{"start":{"line":30,"column":23},"end":{"line":30,"column":37}},{"start":{"line":31,"column":20},"end":{"line":31,"column":61}},{"start":{"line":32,"column":20},"end":{"line":32,"column":70}},{"start":{"line":33,"column":20},"end":{"line":33,"column":26}}]},"3":{"line":37,"type":"cond-expr","locations":[{"start":{"line":38,"column":14},"end":{"line":38,"column":20}},{"start":{"line":39,"column":14},"end":{"line":39,"column":20}}]},"4":{"line":41,"type":"binary-expr","locations":[{"start":{"line":41,"column":16},"end":{"line":41,"column":44}},{"start":{"line":41,"column":48},"end":{"line":41,"column":53}}]},"5":{"line":45,"type":"if","locations":[{"start":{"line":45,"column":8},"end":{"line":45,"column":8}},{"start":{"line":45,"column":8},"end":{"line":45,"column":8}}]}},"code":["/* istanbul instrument in package npmtest_react_foundation_components */","/*jslint","    bitwise: true,","    browser: true,","    maxerr: 8,","    maxlen: 96,","    node: true,","    nomen: true,","    regexp: true,","    stupid: true","*/","(function () {","    'use strict';","    var local;","","","","    // run shared js-env code - init-before","    (function () {","        // init local","        local = {};","        // init modeJs","        local.modeJs = (function () {","            try {","                return typeof navigator.userAgent === 'string' &&","                    typeof document.querySelector('body') === 'object' &&","                    typeof XMLHttpRequest.prototype.open === 'function' &&","                    'browser';","            } catch (errorCaughtBrowser) {","                return module.exports &&","                    typeof process.versions.node === 'string' &&","                    typeof require('http').createServer === 'function' &&","                    'node';","            }","        }());","        // init global","        local.global = local.modeJs === 'browser'","            ? window","            : global;","        // init utility2_rollup","        local = local.global.utility2_rollup || local;","        // init lib","        local.local = local.npmtest_react_foundation_components = local;","        // init exports","        if (local.modeJs === 'browser') {","            local.global.utility2_npmtest_react_foundation_components = local;","        } else {","            module.exports = local;","            module.exports.__dirname = __dirname;","            module.exports.module = module;","        }","    }());","}());",""],"l":{"12":2,"14":2,"19":2,"21":2,"23":2,"24":2,"25":2,"30":1,"37":2,"41":2,"43":2,"45":2,"46":1,"48":1,"49":1,"50":1}},"/home/travis/build/npmtest/node-npmtest-react-foundation-components/example.js":{"path":"/home/travis/build/npmtest/node-npmtest-react-foundation-components/example.js","s":{"1":2,"2":2,"3":2,"4":2,"5":2,"6":2,"7":2,"8":1,"9":2,"10":2,"11":2,"12":2,"13":1,"14":2,"15":2,"16":2,"17":2,"18":2,"19":0,"20":2,"21":1,"22":1,"23":1,"24":1,"25":1,"26":0,"27":0,"28":1,"29":1,"30":2,"31":0,"32":0,"33":0,"34":1,"35":2,"36":2,"37":3,"38":3,"39":3,"40":3,"41":0,"42":3,"43":3,"44":3,"45":1,"46":3,"47":1,"48":1,"49":1,"50":1,"51":1,"52":1,"53":1,"54":1,"55":1,"56":1,"57":0,"58":1,"59":6,"60":6,"61":1,"62":2,"63":0,"64":2,"65":1,"66":1,"67":0,"68":0,"69":0,"70":0,"71":0,"72":0,"73":0,"74":0,"75":0,"76":0,"77":0,"78":0,"79":0,"80":0,"81":0,"82":0,"83":0},"b":{"1":[2,1,1,1],"2":[1,1,1,1],"3":[1,1],"4":[2,2],"5":[1,1],"6":[1,1],"7":[2,0],"8":[2,1,1,1,1,1],"9":[0,2,0],"10":[1,1],"11":[2,1,1],"12":[1,0],"13":[0,2],"14":[2,0,0,0,0,0,0],"15":[0,3],"16":[3,0],"17":[1,1],"18":[0,1],"19":[1,2,0,2],"20":[1,0],"21":[1,1],"22":[0,0],"23":[0,0],"24":[0,0],"25":[0,0],"26":[0,0],"27":[0,0],"28":[0,0]},"f":{"1":2,"2":2,"3":2,"4":2,"5":2,"6":2,"7":3,"8":3,"9":3,"10":1,"11":6,"12":0},"fnMap":{"1":{"name":"(anonymous_1)","line":26,"loc":{"start":{"line":26,"column":1},"end":{"line":26,"column":13}}},"2":{"name":"(anonymous_2)","line":33,"loc":{"start":{"line":33,"column":5},"end":{"line":33,"column":17}}},"3":{"name":"(anonymous_3)","line":37,"loc":{"start":{"line":37,"column":24},"end":{"line":37,"column":36}}},"4":{"name":"(anonymous_4)","line":69,"loc":{"start":{"line":69,"column":31},"end":{"line":69,"column":48}},"skip":true},"5":{"name":"(anonymous_5)","line":78,"loc":{"start":{"line":78,"column":26},"end":{"line":78,"column":45}},"skip":true},"6":{"name":"(anonymous_6)","line":123,"loc":{"start":{"line":123,"column":33},"end":{"line":123,"column":48}},"skip":true},"7":{"name":"(anonymous_7)","line":125,"loc":{"start":{"line":125,"column":27},"end":{"line":125,"column":39}},"skip":true},"8":{"name":"(anonymous_8)","line":133,"loc":{"start":{"line":133,"column":59},"end":{"line":133,"column":74}},"skip":true},"9":{"name":"(anonymous_9)","line":143,"loc":{"start":{"line":143,"column":45},"end":{"line":143,"column":62}},"skip":true},"10":{"name":"(anonymous_10)","line":144,"loc":{"start":{"line":144,"column":73},"end":{"line":144,"column":92}},"skip":true},"11":{"name":"(anonymous_11)","line":272,"loc":{"start":{"line":272,"column":51},"end":{"line":272,"column":77}},"skip":true},"12":{"name":"(anonymous_12)","line":315,"loc":{"start":{"line":315,"column":32},"end":{"line":315,"column":61}},"skip":true}},"statementMap":{"1":{"start":{"line":26,"column":0},"end":{"line":326,"column":5}},"2":{"start":{"line":28,"column":4},"end":{"line":28,"column":14}},"3":{"start":{"line":33,"column":4},"end":{"line":60,"column":9}},"4":{"start":{"line":35,"column":8},"end":{"line":35,"column":19}},"5":{"start":{"line":37,"column":8},"end":{"line":49,"column":13}},"6":{"start":{"line":38,"column":12},"end":{"line":48,"column":13}},"7":{"start":{"line":39,"column":16},"end":{"line":42,"column":30}},"8":{"start":{"line":44,"column":16},"end":{"line":47,"column":27}},"9":{"start":{"line":51,"column":8},"end":{"line":53,"column":21}},"10":{"start":{"line":55,"column":8},"end":{"line":57,"column":45}},"11":{"start":{"line":59,"column":8},"end":{"line":59,"column":35}},"12":{"start":{"line":61,"column":4},"end":{"line":325,"column":5}},"13":{"start":{"line":69,"column":8},"end":{"line":121,"column":10},"skip":true},"14":{"start":{"line":70,"column":12},"end":{"line":88,"column":13},"skip":true},"15":{"start":{"line":76,"column":16},"end":{"line":87,"column":19},"skip":true},"16":{"start":{"line":79,"column":20},"end":{"line":86,"column":21},"skip":true},"17":{"start":{"line":82,"column":24},"end":{"line":82,"column":43},"skip":true},"18":{"start":{"line":83,"column":24},"end":{"line":83,"column":30},"skip":true},"19":{"start":{"line":85,"column":24},"end":{"line":85,"column":49},"skip":true},"20":{"start":{"line":89,"column":12},"end":{"line":107,"column":13},"skip":true},"21":{"start":{"line":92,"column":16},"end":{"line":102,"column":17},"skip":true},"22":{"start":{"line":93,"column":20},"end":{"line":93,"column":86},"skip":true},"23":{"start":{"line":94,"column":20},"end":{"line":95,"column":45},"skip":true},"24":{"start":{"line":96,"column":20},"end":{"line":96,"column":42},"skip":true},"25":{"start":{"line":97,"column":20},"end":{"line":97,"column":48},"skip":true},"26":{"start":{"line":100,"column":20},"end":{"line":100,"column":85},"skip":true},"27":{"start":{"line":101,"column":20},"end":{"line":101,"column":96},"skip":true},"28":{"start":{"line":103,"column":16},"end":{"line":103,"column":22},"skip":true},"29":{"start":{"line":106,"column":16},"end":{"line":106,"column":22},"skip":true},"30":{"start":{"line":108,"column":12},"end":{"line":120,"column":13},"skip":true},"31":{"start":{"line":114,"column":16},"end":{"line":119,"column":17},"skip":true},"32":{"start":{"line":116,"column":20},"end":{"line":116,"column":78},"skip":true},"33":{"start":{"line":118,"column":20},"end":{"line":118,"column":47},"skip":true},"34":{"start":{"line":123,"column":8},"end":{"line":141,"column":11},"skip":true},"35":{"start":{"line":124,"column":12},"end":{"line":124,"column":54},"skip":true},"36":{"start":{"line":125,"column":12},"end":{"line":140,"column":14},"skip":true},"37":{"start":{"line":126,"column":16},"end":{"line":126,"column":28},"skip":true},"38":{"start":{"line":127,"column":16},"end":{"line":127,"column":69},"skip":true},"39":{"start":{"line":128,"column":16},"end":{"line":128,"column":75},"skip":true},"40":{"start":{"line":129,"column":16},"end":{"line":131,"column":17},"skip":true},"41":{"start":{"line":130,"column":20},"end":{"line":130,"column":27},"skip":true},"42":{"start":{"line":133,"column":16},"end":{"line":137,"column":36},"skip":true},"43":{"start":{"line":134,"column":20},"end":{"line":136,"column":55},"skip":true},"44":{"start":{"line":139,"column":16},"end":{"line":139,"column":57},"skip":true},"45":{"start":{"line":143,"column":8},"end":{"line":147,"column":11},"skip":true},"46":{"start":{"line":144,"column":12},"end":{"line":146,"column":15},"skip":true},"47":{"start":{"line":145,"column":16},"end":{"line":145,"column":70},"skip":true},"48":{"start":{"line":149,"column":8},"end":{"line":149,"column":31},"skip":true},"49":{"start":{"line":150,"column":8},"end":{"line":150,"column":14},"skip":true},"50":{"start":{"line":158,"column":8},"end":{"line":158,"column":31},"skip":true},"51":{"start":{"line":160,"column":8},"end":{"line":160,"column":33},"skip":true},"52":{"start":{"line":161,"column":8},"end":{"line":161,"column":37},"skip":true},"53":{"start":{"line":162,"column":8},"end":{"line":162,"column":35},"skip":true},"54":{"start":{"line":164,"column":8},"end":{"line":164,"column":50},"skip":true},"55":{"start":{"line":166,"column":8},"end":{"line":256,"column":2},"skip":true},"56":{"start":{"line":258,"column":8},"end":{"line":286,"column":9},"skip":true},"57":{"start":{"line":259,"column":12},"end":{"line":269,"column":14},"skip":true},"58":{"start":{"line":271,"column":12},"end":{"line":285,"column":19},"skip":true},"59":{"start":{"line":274,"column":20},"end":{"line":274,"column":35},"skip":true},"60":{"start":{"line":275,"column":20},"end":{"line":284,"column":21},"skip":true},"61":{"start":{"line":277,"column":24},"end":{"line":277,"column":64},"skip":true},"62":{"start":{"line":279,"column":24},"end":{"line":279,"column":40},"skip":true},"63":{"start":{"line":281,"column":24},"end":{"line":281,"column":40},"skip":true},"64":{"start":{"line":283,"column":24},"end":{"line":283,"column":39},"skip":true},"65":{"start":{"line":288,"column":8},"end":{"line":290,"column":9},"skip":true},"66":{"start":{"line":289,"column":12},"end":{"line":289,"column":18},"skip":true},"67":{"start":{"line":291,"column":8},"end":{"line":293,"column":54},"skip":true},"68":{"start":{"line":296,"column":8},"end":{"line":301,"column":37},"skip":true},"69":{"start":{"line":303,"column":8},"end":{"line":303,"column":82},"skip":true},"70":{"start":{"line":306,"column":8},"end":{"line":308,"column":9},"skip":true},"71":{"start":{"line":307,"column":12},"end":{"line":307,"column":82},"skip":true},"72":{"start":{"line":310,"column":8},"end":{"line":312,"column":9},"skip":true},"73":{"start":{"line":311,"column":12},"end":{"line":311,"column":18},"skip":true},"74":{"start":{"line":313,"column":8},"end":{"line":313,"column":54},"skip":true},"75":{"start":{"line":314,"column":8},"end":{"line":314,"column":69},"skip":true},"76":{"start":{"line":315,"column":8},"end":{"line":323,"column":36},"skip":true},"77":{"start":{"line":316,"column":12},"end":{"line":316,"column":61},"skip":true},"78":{"start":{"line":317,"column":12},"end":{"line":320,"column":13},"skip":true},"79":{"start":{"line":318,"column":16},"end":{"line":318,"column":75},"skip":true},"80":{"start":{"line":319,"column":16},"end":{"line":319,"column":23},"skip":true},"81":{"start":{"line":321,"column":12},"end":{"line":321,"column":38},"skip":true},"82":{"start":{"line":322,"column":12},"end":{"line":322,"column":27},"skip":true},"83":{"start":{"line":324,"column":8},"end":{"line":324,"column":14},"skip":true}},"branchMap":{"1":{"line":39,"type":"binary-expr","locations":[{"start":{"line":39,"column":23},"end":{"line":39,"column":62}},{"start":{"line":40,"column":20},"end":{"line":40,"column":70}},{"start":{"line":41,"column":20},"end":{"line":41,"column":71}},{"start":{"line":42,"column":20},"end":{"line":42,"column":29}}]},"2":{"line":44,"type":"binary-expr","locations":[{"start":{"line":44,"column":23},"end":{"line":44,"column":37}},{"start":{"line":45,"column":20},"end":{"line":45,"column":61}},{"start":{"line":46,"column":20},"end":{"line":46,"column":70}},{"start":{"line":47,"column":20},"end":{"line":47,"column":26}}]},"3":{"line":51,"type":"cond-expr","locations":[{"start":{"line":52,"column":14},"end":{"line":52,"column":20}},{"start":{"line":53,"column":14},"end":{"line":53,"column":20}}]},"4":{"line":55,"type":"binary-expr","locations":[{"start":{"line":55,"column":16},"end":{"line":55,"column":44}},{"start":{"line":55,"column":49},"end":{"line":57,"column":43}}]},"5":{"line":55,"type":"cond-expr","locations":[{"start":{"line":56,"column":14},"end":{"line":56,"column":71}},{"start":{"line":57,"column":14},"end":{"line":57,"column":43}}]},"6":{"line":61,"type":"switch","locations":[{"start":{"line":68,"column":4},"end":{"line":150,"column":14},"skip":true},{"start":{"line":156,"column":4},"end":{"line":324,"column":14},"skip":true}]},"7":{"line":70,"type":"if","locations":[{"start":{"line":70,"column":12},"end":{"line":70,"column":12},"skip":true},{"start":{"line":70,"column":12},"end":{"line":70,"column":12},"skip":true}]},"8":{"line":70,"type":"binary-expr","locations":[{"start":{"line":70,"column":16},"end":{"line":70,"column":22},"skip":true},{"start":{"line":70,"column":27},"end":{"line":70,"column":32},"skip":true},{"start":{"line":71,"column":20},"end":{"line":71,"column":39},"skip":true},{"start":{"line":72,"column":20},"end":{"line":72,"column":49},"skip":true},{"start":{"line":73,"column":20},"end":{"line":73,"column":58},"skip":true},{"start":{"line":74,"column":20},"end":{"line":74,"column":69},"skip":true}]},"9":{"line":79,"type":"switch","locations":[{"start":{"line":80,"column":20},"end":{"line":80,"column":33},"skip":true},{"start":{"line":81,"column":20},"end":{"line":83,"column":30},"skip":true},{"start":{"line":84,"column":20},"end":{"line":85,"column":49},"skip":true}]},"10":{"line":89,"type":"switch","locations":[{"start":{"line":90,"column":12},"end":{"line":103,"column":22},"skip":true},{"start":{"line":105,"column":12},"end":{"line":106,"column":22},"skip":true}]},"11":{"line":89,"type":"binary-expr","locations":[{"start":{"line":89,"column":20},"end":{"line":89,"column":25},"skip":true},{"start":{"line":89,"column":29},"end":{"line":89,"column":48},"skip":true},{"start":{"line":89,"column":52},"end":{"line":89,"column":74},"skip":true}]},"12":{"line":92,"type":"if","locations":[{"start":{"line":92,"column":16},"end":{"line":92,"column":16},"skip":true},{"start":{"line":92,"column":16},"end":{"line":92,"column":16},"skip":true}]},"13":{"line":108,"type":"if","locations":[{"start":{"line":108,"column":12},"end":{"line":108,"column":12},"skip":true},{"start":{"line":108,"column":12},"end":{"line":108,"column":12},"skip":true}]},"14":{"line":108,"type":"binary-expr","locations":[{"start":{"line":108,"column":16},"end":{"line":108,"column":61},"skip":true},{"start":{"line":108,"column":66},"end":{"line":108,"column":72},"skip":true},{"start":{"line":108,"column":77},"end":{"line":108,"column":82},"skip":true},{"start":{"line":109,"column":20},"end":{"line":109,"column":39},"skip":true},{"start":{"line":110,"column":20},"end":{"line":110,"column":49},"skip":true},{"start":{"line":111,"column":20},"end":{"line":111,"column":58},"skip":true},{"start":{"line":112,"column":20},"end":{"line":112,"column":68},"skip":true}]},"15":{"line":129,"type":"if","locations":[{"start":{"line":129,"column":16},"end":{"line":129,"column":16},"skip":true},{"start":{"line":129,"column":16},"end":{"line":129,"column":16},"skip":true}]},"16":{"line":134,"type":"cond-expr","locations":[{"start":{"line":135,"column":26},"end":{"line":135,"column":29},"skip":true},{"start":{"line":136,"column":26},"end":{"line":136,"column":54},"skip":true}]},"17":{"line":164,"type":"binary-expr","locations":[{"start":{"line":164,"column":27},"end":{"line":164,"column":43},"skip":true},{"start":{"line":164,"column":47},"end":{"line":164,"column":49},"skip":true}]},"18":{"line":258,"type":"if","locations":[{"start":{"line":258,"column":8},"end":{"line":258,"column":8},"skip":true},{"start":{"line":258,"column":8},"end":{"line":258,"column":8},"skip":true}]},"19":{"line":275,"type":"switch","locations":[{"start":{"line":276,"column":20},"end":{"line":277,"column":64},"skip":true},{"start":{"line":278,"column":20},"end":{"line":279,"column":40},"skip":true},{"start":{"line":280,"column":20},"end":{"line":281,"column":40},"skip":true},{"start":{"line":282,"column":20},"end":{"line":283,"column":39},"skip":true}]},"20":{"line":288,"type":"if","locations":[{"start":{"line":288,"column":8},"end":{"line":288,"column":8},"skip":true},{"start":{"line":288,"column":8},"end":{"line":288,"column":8},"skip":true}]},"21":{"line":288,"type":"binary-expr","locations":[{"start":{"line":288,"column":12},"end":{"line":288,"column":40},"skip":true},{"start":{"line":288,"column":44},"end":{"line":288,"column":67},"skip":true}]},"22":{"line":292,"type":"binary-expr","locations":[{"start":{"line":292,"column":12},"end":{"line":292,"column":50},"skip":true},{"start":{"line":293,"column":12},"end":{"line":293,"column":53},"skip":true}]},"23":{"line":297,"type":"binary-expr","locations":[{"start":{"line":297,"column":12},"end":{"line":297,"column":85},"skip":true},{"start":{"line":298,"column":12},"end":{"line":301,"column":36},"skip":true}]},"24":{"line":303,"type":"binary-expr","locations":[{"start":{"line":303,"column":43},"end":{"line":303,"column":75},"skip":true},{"start":{"line":303,"column":79},"end":{"line":303,"column":81},"skip":true}]},"25":{"line":306,"type":"if","locations":[{"start":{"line":306,"column":8},"end":{"line":306,"column":8},"skip":true},{"start":{"line":306,"column":8},"end":{"line":306,"column":8},"skip":true}]},"26":{"line":310,"type":"if","locations":[{"start":{"line":310,"column":8},"end":{"line":310,"column":8},"skip":true},{"start":{"line":310,"column":8},"end":{"line":310,"column":8},"skip":true}]},"27":{"line":313,"type":"binary-expr","locations":[{"start":{"line":313,"column":27},"end":{"line":313,"column":43},"skip":true},{"start":{"line":313,"column":47},"end":{"line":313,"column":53},"skip":true}]},"28":{"line":317,"type":"if","locations":[{"start":{"line":317,"column":12},"end":{"line":317,"column":12},"skip":true},{"start":{"line":317,"column":12},"end":{"line":317,"column":12},"skip":true}]}},"code":["/*","example.js","","quickstart example","","instruction","    1. save this script as example.js","    2. run the shell command:","        $ npm install npmtest-react-foundation-components && PORT=8081 node example.js","    3. play with the browser-demo on http://127.0.0.1:8081","*/","","","","/* istanbul instrument in package npmtest_react_foundation_components */","/*jslint","    bitwise: true,","    browser: true,","    maxerr: 8,","    maxlen: 96,","    node: true,","    nomen: true,","    regexp: true,","    stupid: true","*/","(function () {","    'use strict';","    var local;","","","","    // run shared js-env code - init-before","    (function () {","        // init local","        local = {};","        // init modeJs","        local.modeJs = (function () {","            try {","                return typeof navigator.userAgent === 'string' &&","                    typeof document.querySelector('body') === 'object' &&","                    typeof XMLHttpRequest.prototype.open === 'function' &&","                    'browser';","            } catch (errorCaughtBrowser) {","                return module.exports &&","                    typeof process.versions.node === 'string' &&","                    typeof require('http').createServer === 'function' &&","                    'node';","            }","        }());","        // init global","        local.global = local.modeJs === 'browser'","            ? window","            : global;","        // init utility2_rollup","        local = local.global.utility2_rollup || (local.modeJs === 'browser'","            ? local.global.utility2_npmtest_react_foundation_components","            : global.utility2_moduleExports);","        // export local","        local.global.local = local;","    }());","    switch (local.modeJs) {","","","","    // init-after","    // run browser js-env code - init-after","    /* istanbul ignore next */","    case 'browser':","        local.testRunBrowser = function (event) {","            if (!event || (event &&","                    event.currentTarget &&","                    event.currentTarget.className &&","                    event.currentTarget.className.includes &&","                    event.currentTarget.className.includes('onreset'))) {","                // reset output","                Array.from(","                    document.querySelectorAll('body > .resettable')","                ).forEach(function (element) {","                    switch (element.tagName) {","                    case 'INPUT':","                    case 'TEXTAREA':","                        element.value = '';","                        break;","                    default:","                        element.textContent = '';","                    }","                });","            }","            switch (event && event.currentTarget && event.currentTarget.id) {","            case 'testRunButton1':","                // show tests","                if (document.querySelector('#testReportDiv1').style.display === 'none') {","                    document.querySelector('#testReportDiv1').style.display = 'block';","                    document.querySelector('#testRunButton1').textContent =","                        'hide internal test';","                    local.modeTest = true;","                    local.testRunDefault(local);","                // hide tests","                } else {","                    document.querySelector('#testReportDiv1').style.display = 'none';","                    document.querySelector('#testRunButton1').textContent = 'run internal test';","                }","                break;","            // custom-case","            default:","                break;","            }","            if (document.querySelector('#inputTextareaEval1') && (!event || (event &&","                    event.currentTarget &&","                    event.currentTarget.className &&","                    event.currentTarget.className.includes &&","                    event.currentTarget.className.includes('oneval')))) {","                // try to eval input-code","                try {","                    /*jslint evil: true*/","                    eval(document.querySelector('#inputTextareaEval1').value);","                } catch (errorCaught) {","                    console.error(errorCaught);","                }","            }","        };","        // log stderr and stdout to #outputTextareaStdout1","        ['error', 'log'].forEach(function (key) {","            console[key + '_original'] = console[key];","            console[key] = function () {","                var element;","                console[key + '_original'].apply(console, arguments);","                element = document.querySelector('#outputTextareaStdout1');","                if (!element) {","                    return;","                }","                // append text to #outputTextareaStdout1","                element.value += Array.from(arguments).map(function (arg) {","                    return typeof arg === 'string'","                        ? arg","                        : JSON.stringify(arg, null, 4);","                }).join(' ') + '\\n';","                // scroll textarea to bottom","                element.scrollTop = element.scrollHeight;","            };","        });","        // init event-handling","        ['change', 'click', 'keyup'].forEach(function (event) {","            Array.from(document.querySelectorAll('.on' + event)).forEach(function (element) {","                element.addEventListener(event, local.testRunBrowser);","            });","        });","        // run tests","        local.testRunBrowser();","        break;","","","","    // run node js-env code - init-after","    /* istanbul ignore next */","    case 'node':","        // export local","        module.exports = local;","        // require modules","        local.fs = require('fs');","        local.http = require('http');","        local.url = require('url');","        // init assets","        local.assetsDict = local.assetsDict || {};","        /* jslint-ignore-begin */","        local.assetsDict['/assets.index.template.html'] = '\\","<!doctype html>\\n\\","<html lang=\"en\">\\n\\","<head>\\n\\","<meta charset=\"UTF-8\">\\n\\","<meta name=\"viewport\" content=\"width=device-width, initial-scale=1\">\\n\\","<title>{{env.npm_package_name}} (v{{env.npm_package_version}})</title>\\n\\","<style>\\n\\","/*csslint\\n\\","    box-sizing: false,\\n\\","    universal-selector: false\\n\\","*/\\n\\","* {\\n\\","    box-sizing: border-box;\\n\\","}\\n\\","body {\\n\\","    background: #dde;\\n\\","    font-family: Arial, Helvetica, sans-serif;\\n\\","    margin: 2rem;\\n\\","}\\n\\","body > * {\\n\\","    margin-bottom: 1rem;\\n\\","}\\n\\",".utility2FooterDiv {\\n\\","    margin-top: 20px;\\n\\","    text-align: center;\\n\\","}\\n\\","</style>\\n\\","<style>\\n\\","/*csslint\\n\\","*/\\n\\","textarea {\\n\\","    font-family: monospace;\\n\\","    height: 10rem;\\n\\","    width: 100%;\\n\\","}\\n\\","textarea[readonly] {\\n\\","    background: #ddd;\\n\\","}\\n\\","</style>\\n\\","</head>\\n\\","<body>\\n\\","<!-- utility2-comment\\n\\","<div id=\"ajaxProgressDiv1\" style=\"background: #d00; height: 2px; left: 0; margin: 0; padding: 0; position: fixed; top: 0; transition: background 0.5s, width 1.5s; width: 25%;\"></div>\\n\\","utility2-comment -->\\n\\","<h1>\\n\\","<!-- utility2-comment\\n\\","    <a\\n\\","        {{#if env.npm_package_homepage}}\\n\\","        href=\"{{env.npm_package_homepage}}\"\\n\\","        {{/if env.npm_package_homepage}}\\n\\","        target=\"_blank\"\\n\\","    >\\n\\","utility2-comment -->\\n\\","        {{env.npm_package_name}} (v{{env.npm_package_version}})\\n\\","<!-- utility2-comment\\n\\","    </a>\\n\\","utility2-comment -->\\n\\","</h1>\\n\\","<h3>{{env.npm_package_description}}</h3>\\n\\","<!-- utility2-comment\\n\\","<h4><a download href=\"assets.app.js\">download standalone app</a></h4>\\n\\","<button class=\"onclick onreset\" id=\"testRunButton1\">run internal test</button><br>\\n\\","<div id=\"testReportDiv1\" style=\"display: none;\"></div>\\n\\","utility2-comment -->\\n\\","\\n\\","\\n\\","\\n\\","<label>stderr and stdout</label>\\n\\","<textarea class=\"resettable\" id=\"outputTextareaStdout1\" readonly></textarea>\\n\\","<!-- utility2-comment\\n\\","{{#if isRollup}}\\n\\","<script src=\"assets.app.js\"></script>\\n\\","{{#unless isRollup}}\\n\\","utility2-comment -->\\n\\","<script src=\"assets.utility2.rollup.js\"></script>\\n\\","<script src=\"jsonp.utility2._stateInit?callback=window.utility2._stateInit\"></script>\\n\\","<script src=\"assets.npmtest_react_foundation_components.rollup.js\"></script>\\n\\","<script src=\"assets.example.js\"></script>\\n\\","<script src=\"assets.test.js\"></script>\\n\\","<!-- utility2-comment\\n\\","{{/if isRollup}}\\n\\","utility2-comment -->\\n\\","<div class=\"utility2FooterDiv\">\\n\\","    [ this app was created with\\n\\","    <a href=\"https://github.com/kaizhu256/node-utility2\" target=\"_blank\">utility2</a>\\n\\","    ]\\n\\","</div>\\n\\","</body>\\n\\","</html>\\n\\","';","        /* jslint-ignore-end */","        if (local.templateRender) {","            local.assetsDict['/'] = local.templateRender(","                local.assetsDict['/assets.index.template.html'],","                {","                    env: local.objectSetDefault(local.env, {","                        npm_package_description: 'the greatest app in the world!',","                        npm_package_name: 'my-app',","                        npm_package_nameAlias: 'my_app',","                        npm_package_version: '0.0.1'","                    })","                }","            );","        } else {","            local.assetsDict['/'] = local.assetsDict['/assets.index.template.html']","                .replace((/\\{\\{env\\.(\\w+?)\\}\\}/g), function (match0, match1) {","                    // jslint-hack","                    String(match0);","                    switch (match1) {","                    case 'npm_package_description':","                        return 'the greatest app in the world!';","                    case 'npm_package_name':","                        return 'my-app';","                    case 'npm_package_nameAlias':","                        return 'my_app';","                    case 'npm_package_version':","                        return '0.0.1';","                    }","                });","        }","        // run the cli","        if (local.global.utility2_rollup || module !== require.main) {","            break;","        }","        local.assetsDict['/assets.example.js'] =","            local.assetsDict['/assets.example.js'] ||","            local.fs.readFileSync(__filename, 'utf8');","        // bug-workaround - long $npm_package_buildCustomOrg","        /* jslint-ignore-begin */","        local.assetsDict['/assets.npmtest_react_foundation_components.rollup.js'] =","            local.assetsDict['/assets.npmtest_react_foundation_components.rollup.js'] ||","            local.fs.readFileSync(","                local.npmtest_react_foundation_components.__dirname + '/lib.npmtest_react_foundation_components.js',","                'utf8'","            ).replace((/^#!/), '//');","        /* jslint-ignore-end */","        local.assetsDict['/favicon.ico'] = local.assetsDict['/favicon.ico'] || '';","        // if $npm_config_timeout_exit exists,","        // then exit this process after $npm_config_timeout_exit ms","        if (Number(process.env.npm_config_timeout_exit)) {","            setTimeout(process.exit, Number(process.env.npm_config_timeout_exit));","        }","        // start server","        if (local.global.utility2_serverHttp1) {","            break;","        }","        process.env.PORT = process.env.PORT || '8081';","        console.error('server starting on port ' + process.env.PORT);","        local.http.createServer(function (request, response) {","            request.urlParsed = local.url.parse(request.url);","            if (local.assetsDict[request.urlParsed.pathname] !== undefined) {","                response.end(local.assetsDict[request.urlParsed.pathname]);","                return;","            }","            response.statusCode = 404;","            response.end();","        }).listen(process.env.PORT);","        break;","    }","}());",""],"l":{"26":2,"28":2,"33":2,"35":2,"37":2,"38":2,"39":2,"44":1,"51":2,"55":2,"59":2,"61":2,"69":1,"70":2,"76":2,"79":2,"82":2,"83":2,"85":1,"89":2,"92":1,"93":1,"94":1,"96":1,"97":1,"100":1,"101":1,"103":1,"106":1,"108":2,"114":1,"116":1,"118":1,"123":1,"124":2,"125":2,"126":3,"127":3,"128":3,"129":3,"130":1,"133":3,"134":3,"139":3,"143":1,"144":3,"145":1,"149":1,"150":1,"158":1,"160":1,"161":1,"162":1,"164":1,"166":1,"258":1,"259":1,"271":1,"274":6,"275":6,"277":1,"279":2,"281":1,"283":2,"288":1,"289":1,"291":1,"296":1,"303":1,"306":1,"307":1,"310":1,"311":1,"313":1,"314":1,"315":1,"316":1,"317":1,"318":1,"319":1,"321":1,"322":1,"324":1}},"/home/travis/build/npmtest/node-npmtest-react-foundation-components/node_modules/react-foundation-components/lib/index.js":{"path":"/home/travis/build/npmtest/node-npmtest-react-foundation-components/node_modules/react-foundation-components/lib/index.js","s":{"1":2,"2":2,"3":0,"4":0,"5":0,"6":0,"7":0,"8":0,"9":0,"10":0,"11":0,"12":0,"13":0,"14":0,"15":0,"16":0,"17":0,"18":0,"19":0,"20":0,"21":0,"22":0,"23":0,"24":0,"25":0,"26":0,"27":0,"28":0,"29":0,"30":0,"31":0,"32":0,"33":0,"34":0,"35":0,"36":0,"37":0,"38":0,"39":0,"40":0,"41":0,"42":0,"43":0,"44":0,"45":0,"46":0,"47":0,"48":0,"49":0,"50":0,"51":0,"52":0,"53":0,"54":0,"55":0,"56":0,"57":0,"58":0,"59":0,"60":0,"61":0,"62":0,"63":0,"64":0,"65":0,"66":0,"67":0,"68":0,"69":0,"70":0,"71":0,"72":0,"73":0,"74":0,"75":0,"76":0,"77":0,"78":0,"79":0,"80":0,"81":0,"82":0,"83":0,"84":0,"85":0,"86":0,"87":0,"88":0,"89":0,"90":0,"91":0,"92":0,"93":0,"94":0,"95":0,"96":0,"97":0,"98":0,"99":0,"100":0,"101":0,"102":0,"103":0,"104":0,"105":0,"106":0,"107":0,"108":0,"109":0,"110":0,"111":0,"112":0,"113":0,"114":0,"115":0,"116":0,"117":0,"118":0,"119":0,"120":0,"121":0,"122":0,"123":0,"124":0,"125":0,"126":0,"127":0,"128":0,"129":0,"130":0,"131":0,"132":0,"133":0,"134":0,"135":0,"136":0,"137":0,"138":0,"139":0,"140":0,"141":0,"142":0,"143":0,"144":0,"145":0,"146":0,"147":0,"148":0,"149":0,"150":0,"151":0,"152":0,"153":0,"154":0,"155":0,"156":0,"157":0,"158":0,"159":0,"160":0,"161":0,"162":0,"163":0,"164":0,"165":0,"166":0,"167":0,"168":0,"169":0,"170":0,"171":0,"172":0,"173":0,"174":0,"175":0,"176":0,"177":0,"178":0,"179":0,"180":0,"181":0,"182":0,"183":0,"184":0,"185":0},"b":{},"f":{"1":0,"2":0,"3":0,"4":0,"5":0,"6":0,"7":0,"8":0,"9":0,"10":0,"11":0,"12":0,"13":0,"14":0,"15":0,"16":0,"17":0,"18":0,"19":0,"20":0,"21":0,"22":0,"23":0,"24":0,"25":0,"26":0,"27":0,"28":0,"29":0,"30":0,"31":0,"32":0,"33":0,"34":0,"35":0,"36":0,"37":0,"38":0,"39":0,"40":0,"41":0,"42":0,"43":0,"44":0,"45":0,"46":0,"47":0,"48":0,"49":0,"50":0,"51":0,"52":0,"53":0,"54":0,"55":0,"56":0,"57":0,"58":0,"59":0,"60":0,"61":0,"62":0,"63":0,"64":0,"65":0,"66":0,"67":0,"68":0,"69":0,"70":0,"71":0,"72":0,"73":0,"74":0,"75":0,"76":0},"fnMap":{"1":{"name":"get","line":11,"loc":{"start":{"line":11,"column":7},"end":{"line":11,"column":22}}},"2":{"name":"get","line":17,"loc":{"start":{"line":17,"column":7},"end":{"line":17,"column":22}}},"3":{"name":"get","line":23,"loc":{"start":{"line":23,"column":7},"end":{"line":23,"column":22}}},"4":{"name":"get","line":32,"loc":{"start":{"line":32,"column":7},"end":{"line":32,"column":22}}},"5":{"name":"get","line":38,"loc":{"start":{"line":38,"column":7},"end":{"line":38,"column":22}}},"6":{"name":"get","line":44,"loc":{"start":{"line":44,"column":7},"end":{"line":44,"column":22}}},"7":{"name":"get","line":50,"loc":{"start":{"line":50,"column":7},"end":{"line":50,"column":22}}},"8":{"name":"get","line":56,"loc":{"start":{"line":56,"column":7},"end":{"line":56,"column":22}}},"9":{"name":"get","line":62,"loc":{"start":{"line":62,"column":7},"end":{"line":62,"column":22}}},"10":{"name":"get","line":68,"loc":{"start":{"line":68,"column":7},"end":{"line":68,"column":22}}},"11":{"name":"get","line":77,"loc":{"start":{"line":77,"column":7},"end":{"line":77,"column":22}}},"12":{"name":"get","line":83,"loc":{"start":{"line":83,"column":7},"end":{"line":83,"column":22}}},"13":{"name":"get","line":89,"loc":{"start":{"line":89,"column":7},"end":{"line":89,"column":22}}},"14":{"name":"get","line":95,"loc":{"start":{"line":95,"column":7},"end":{"line":95,"column":22}}},"15":{"name":"get","line":101,"loc":{"start":{"line":101,"column":7},"end":{"line":101,"column":22}}},"16":{"name":"get","line":107,"loc":{"start":{"line":107,"column":7},"end":{"line":107,"column":22}}},"17":{"name":"get","line":113,"loc":{"start":{"line":113,"column":7},"end":{"line":113,"column":22}}},"18":{"name":"get","line":119,"loc":{"start":{"line":119,"column":7},"end":{"line":119,"column":22}}},"19":{"name":"get","line":125,"loc":{"start":{"line":125,"column":7},"end":{"line":125,"column":22}}},"20":{"name":"get","line":131,"loc":{"start":{"line":131,"column":7},"end":{"line":131,"column":22}}},"21":{"name":"get","line":137,"loc":{"start":{"line":137,"column":7},"end":{"line":137,"column":22}}},"22":{"name":"get","line":143,"loc":{"start":{"line":143,"column":7},"end":{"line":143,"column":22}}},"23":{"name":"get","line":152,"loc":{"start":{"line":152,"column":7},"end":{"line":152,"column":22}}},"24":{"name":"get","line":158,"loc":{"start":{"line":158,"column":7},"end":{"line":158,"column":22}}},"25":{"name":"get","line":167,"loc":{"start":{"line":167,"column":7},"end":{"line":167,"column":22}}},"26":{"name":"get","line":173,"loc":{"start":{"line":173,"column":7},"end":{"line":173,"column":22}}},"27":{"name":"get","line":179,"loc":{"start":{"line":179,"column":7},"end":{"line":179,"column":22}}},"28":{"name":"get","line":188,"loc":{"start":{"line":188,"column":7},"end":{"line":188,"column":22}}},"29":{"name":"get","line":194,"loc":{"start":{"line":194,"column":7},"end":{"line":194,"column":22}}},"30":{"name":"get","line":200,"loc":{"start":{"line":200,"column":7},"end":{"line":200,"column":22}}},"31":{"name":"get","line":206,"loc":{"start":{"line":206,"column":7},"end":{"line":206,"column":22}}},"32":{"name":"get","line":212,"loc":{"start":{"line":212,"column":7},"end":{"line":212,"column":22}}},"33":{"name":"get","line":221,"loc":{"start":{"line":221,"column":7},"end":{"line":221,"column":22}}},"34":{"name":"get","line":230,"loc":{"start":{"line":230,"column":7},"end":{"line":230,"column":22}}},"35":{"name":"get","line":239,"loc":{"start":{"line":239,"column":7},"end":{"line":239,"column":22}}},"36":{"name":"get","line":248,"loc":{"start":{"line":248,"column":7},"end":{"line":248,"column":22}}},"37":{"name":"get","line":257,"loc":{"start":{"line":257,"column":7},"end":{"line":257,"column":22}}},"38":{"name":"get","line":263,"loc":{"start":{"line":263,"column":7},"end":{"line":263,"column":22}}},"39":{"name":"get","line":269,"loc":{"start":{"line":269,"column":7},"end":{"line":269,"column":22}}},"40":{"name":"get","line":275,"loc":{"start":{"line":275,"column":7},"end":{"line":275,"column":22}}},"41":{"name":"get","line":281,"loc":{"start":{"line":281,"column":7},"end":{"line":281,"column":22}}},"42":{"name":"get","line":290,"loc":{"start":{"line":290,"column":7},"end":{"line":290,"column":22}}},"43":{"name":"get","line":296,"loc":{"start":{"line":296,"column":7},"end":{"line":296,"column":22}}},"44":{"name":"get","line":305,"loc":{"start":{"line":305,"column":7},"end":{"line":305,"column":22}}},"45":{"name":"get","line":311,"loc":{"start":{"line":311,"column":7},"end":{"line":311,"column":22}}},"46":{"name":"get","line":317,"loc":{"start":{"line":317,"column":7},"end":{"line":317,"column":22}}},"47":{"name":"get","line":326,"loc":{"start":{"line":326,"column":7},"end":{"line":326,"column":22}}},"48":{"name":"get","line":332,"loc":{"start":{"line":332,"column":7},"end":{"line":332,"column":22}}},"49":{"name":"get","line":341,"loc":{"start":{"line":341,"column":7},"end":{"line":341,"column":22}}},"50":{"name":"get","line":350,"loc":{"start":{"line":350,"column":7},"end":{"line":350,"column":22}}},"51":{"name":"get","line":356,"loc":{"start":{"line":356,"column":7},"end":{"line":356,"column":22}}},"52":{"name":"get","line":365,"loc":{"start":{"line":365,"column":7},"end":{"line":365,"column":22}}},"53":{"name":"get","line":371,"loc":{"start":{"line":371,"column":7},"end":{"line":371,"column":22}}},"54":{"name":"get","line":380,"loc":{"start":{"line":380,"column":7},"end":{"line":380,"column":22}}},"55":{"name":"get","line":389,"loc":{"start":{"line":389,"column":7},"end":{"line":389,"column":22}}},"56":{"name":"get","line":395,"loc":{"start":{"line":395,"column":7},"end":{"line":395,"column":22}}},"57":{"name":"get","line":401,"loc":{"start":{"line":401,"column":7},"end":{"line":401,"column":22}}},"58":{"name":"get","line":410,"loc":{"start":{"line":410,"column":7},"end":{"line":410,"column":22}}},"59":{"name":"get","line":419,"loc":{"start":{"line":419,"column":7},"end":{"line":419,"column":22}}},"60":{"name":"get","line":428,"loc":{"start":{"line":428,"column":7},"end":{"line":428,"column":22}}},"61":{"name":"get","line":434,"loc":{"start":{"line":434,"column":7},"end":{"line":434,"column":22}}},"62":{"name":"get","line":443,"loc":{"start":{"line":443,"column":7},"end":{"line":443,"column":22}}},"63":{"name":"get","line":449,"loc":{"start":{"line":449,"column":7},"end":{"line":449,"column":22}}},"64":{"name":"get","line":455,"loc":{"start":{"line":455,"column":7},"end":{"line":455,"column":22}}},"65":{"name":"get","line":461,"loc":{"start":{"line":461,"column":7},"end":{"line":461,"column":22}}},"66":{"name":"get","line":470,"loc":{"start":{"line":470,"column":7},"end":{"line":470,"column":22}}},"67":{"name":"get","line":479,"loc":{"start":{"line":479,"column":7},"end":{"line":479,"column":22}}},"68":{"name":"get","line":488,"loc":{"start":{"line":488,"column":7},"end":{"line":488,"column":22}}},"69":{"name":"get","line":497,"loc":{"start":{"line":497,"column":7},"end":{"line":497,"column":22}}},"70":{"name":"get","line":506,"loc":{"start":{"line":506,"column":7},"end":{"line":506,"column":22}}},"71":{"name":"get","line":515,"loc":{"start":{"line":515,"column":7},"end":{"line":515,"column":22}}},"72":{"name":"get","line":521,"loc":{"start":{"line":521,"column":7},"end":{"line":521,"column":22}}},"73":{"name":"get","line":530,"loc":{"start":{"line":530,"column":7},"end":{"line":530,"column":22}}},"74":{"name":"get","line":536,"loc":{"start":{"line":536,"column":7},"end":{"line":536,"column":22}}},"75":{"name":"get","line":545,"loc":{"start":{"line":545,"column":7},"end":{"line":545,"column":22}}},"76":{"name":"get","line":554,"loc":{"start":{"line":554,"column":7},"end":{"line":554,"column":22}}}},"statementMap":{"1":{"start":{"line":3,"column":0},"end":{"line":5,"column":3}},"2":{"start":{"line":7,"column":0},"end":{"line":7,"column":30}},"3":{"start":{"line":9,"column":0},"end":{"line":14,"column":3}},"4":{"start":{"line":12,"column":4},"end":{"line":12,"column":22}},"5":{"start":{"line":15,"column":0},"end":{"line":20,"column":3}},"6":{"start":{"line":18,"column":4},"end":{"line":18,"column":21}},"7":{"start":{"line":21,"column":0},"end":{"line":26,"column":3}},"8":{"start":{"line":24,"column":4},"end":{"line":24,"column":24}},"9":{"start":{"line":28,"column":0},"end":{"line":28,"column":32}},"10":{"start":{"line":30,"column":0},"end":{"line":35,"column":3}},"11":{"start":{"line":33,"column":4},"end":{"line":33,"column":28}},"12":{"start":{"line":36,"column":0},"end":{"line":41,"column":3}},"13":{"start":{"line":39,"column":4},"end":{"line":39,"column":33}},"14":{"start":{"line":42,"column":0},"end":{"line":47,"column":3}},"15":{"start":{"line":45,"column":4},"end":{"line":45,"column":33}},"16":{"start":{"line":48,"column":0},"end":{"line":53,"column":3}},"17":{"start":{"line":51,"column":4},"end":{"line":51,"column":33}},"18":{"start":{"line":54,"column":0},"end":{"line":59,"column":3}},"19":{"start":{"line":57,"column":4},"end":{"line":57,"column":32}},"20":{"start":{"line":60,"column":0},"end":{"line":65,"column":3}},"21":{"start":{"line":63,"column":4},"end":{"line":63,"column":34}},"22":{"start":{"line":66,"column":0},"end":{"line":71,"column":3}},"23":{"start":{"line":69,"column":4},"end":{"line":69,"column":34}},"24":{"start":{"line":73,"column":0},"end":{"line":73,"column":42}},"25":{"start":{"line":75,"column":0},"end":{"line":80,"column":3}},"26":{"start":{"line":78,"column":4},"end":{"line":78,"column":34}},"27":{"start":{"line":81,"column":0},"end":{"line":86,"column":3}},"28":{"start":{"line":84,"column":4},"end":{"line":84,"column":41}},"29":{"start":{"line":87,"column":0},"end":{"line":92,"column":3}},"30":{"start":{"line":90,"column":4},"end":{"line":90,"column":45}},"31":{"start":{"line":93,"column":0},"end":{"line":98,"column":3}},"32":{"start":{"line":96,"column":4},"end":{"line":96,"column":41}},"33":{"start":{"line":99,"column":0},"end":{"line":104,"column":3}},"34":{"start":{"line":102,"column":4},"end":{"line":102,"column":45}},"35":{"start":{"line":105,"column":0},"end":{"line":110,"column":3}},"36":{"start":{"line":108,"column":4},"end":{"line":108,"column":28}},"37":{"start":{"line":111,"column":0},"end":{"line":116,"column":3}},"38":{"start":{"line":114,"column":4},"end":{"line":114,"column":33}},"39":{"start":{"line":117,"column":0},"end":{"line":122,"column":3}},"40":{"start":{"line":120,"column":4},"end":{"line":120,"column":48}},"41":{"start":{"line":123,"column":0},"end":{"line":128,"column":3}},"42":{"start":{"line":126,"column":4},"end":{"line":126,"column":48}},"43":{"start":{"line":129,"column":0},"end":{"line":134,"column":3}},"44":{"start":{"line":132,"column":4},"end":{"line":132,"column":43}},"45":{"start":{"line":135,"column":0},"end":{"line":140,"column":3}},"46":{"start":{"line":138,"column":4},"end":{"line":138,"column":43}},"47":{"start":{"line":141,"column":0},"end":{"line":146,"column":3}},"48":{"start":{"line":144,"column":4},"end":{"line":144,"column":35}},"49":{"start":{"line":148,"column":0},"end":{"line":148,"column":32}},"50":{"start":{"line":150,"column":0},"end":{"line":155,"column":3}},"51":{"start":{"line":153,"column":4},"end":{"line":153,"column":24}},"52":{"start":{"line":156,"column":0},"end":{"line":161,"column":3}},"53":{"start":{"line":159,"column":4},"end":{"line":159,"column":27}},"54":{"start":{"line":163,"column":0},"end":{"line":163,"column":32}},"55":{"start":{"line":165,"column":0},"end":{"line":170,"column":3}},"56":{"start":{"line":168,"column":4},"end":{"line":168,"column":24}},"57":{"start":{"line":171,"column":0},"end":{"line":176,"column":3}},"58":{"start":{"line":174,"column":4},"end":{"line":174,"column":31}},"59":{"start":{"line":177,"column":0},"end":{"line":182,"column":3}},"60":{"start":{"line":180,"column":4},"end":{"line":180,"column":31}},"61":{"start":{"line":184,"column":0},"end":{"line":184,"column":57}},"62":{"start":{"line":186,"column":0},"end":{"line":191,"column":3}},"63":{"start":{"line":189,"column":4},"end":{"line":189,"column":48}},"64":{"start":{"line":192,"column":0},"end":{"line":197,"column":3}},"65":{"start":{"line":195,"column":4},"end":{"line":195,"column":40}},"66":{"start":{"line":198,"column":0},"end":{"line":203,"column":3}},"67":{"start":{"line":201,"column":4},"end":{"line":201,"column":35}},"68":{"start":{"line":204,"column":0},"end":{"line":209,"column":3}},"69":{"start":{"line":207,"column":4},"end":{"line":207,"column":45}},"70":{"start":{"line":210,"column":0},"end":{"line":215,"column":3}},"71":{"start":{"line":213,"column":4},"end":{"line":213,"column":40}},"72":{"start":{"line":217,"column":0},"end":{"line":217,"column":49}},"73":{"start":{"line":219,"column":0},"end":{"line":224,"column":3}},"74":{"start":{"line":222,"column":4},"end":{"line":222,"column":40}},"75":{"start":{"line":226,"column":0},"end":{"line":226,"column":34}},"76":{"start":{"line":228,"column":0},"end":{"line":233,"column":3}},"77":{"start":{"line":231,"column":4},"end":{"line":231,"column":26}},"78":{"start":{"line":235,"column":0},"end":{"line":235,"column":45}},"79":{"start":{"line":237,"column":0},"end":{"line":242,"column":3}},"80":{"start":{"line":240,"column":4},"end":{"line":240,"column":36}},"81":{"start":{"line":244,"column":0},"end":{"line":244,"column":45}},"82":{"start":{"line":246,"column":0},"end":{"line":251,"column":3}},"83":{"start":{"line":249,"column":4},"end":{"line":249,"column":36}},"84":{"start":{"line":253,"column":0},"end":{"line":253,"column":34}},"85":{"start":{"line":255,"column":0},"end":{"line":260,"column":3}},"86":{"start":{"line":258,"column":4},"end":{"line":258,"column":26}},"87":{"start":{"line":261,"column":0},"end":{"line":266,"column":3}},"88":{"start":{"line":264,"column":4},"end":{"line":264,"column":31}},"89":{"start":{"line":267,"column":0},"end":{"line":272,"column":3}},"90":{"start":{"line":270,"column":4},"end":{"line":270,"column":38}},"91":{"start":{"line":273,"column":0},"end":{"line":278,"column":3}},"92":{"start":{"line":276,"column":4},"end":{"line":276,"column":40}},"93":{"start":{"line":279,"column":0},"end":{"line":284,"column":3}},"94":{"start":{"line":282,"column":4},"end":{"line":282,"column":36}},"95":{"start":{"line":286,"column":0},"end":{"line":286,"column":30}},"96":{"start":{"line":288,"column":0},"end":{"line":293,"column":3}},"97":{"start":{"line":291,"column":4},"end":{"line":291,"column":22}},"98":{"start":{"line":294,"column":0},"end":{"line":299,"column":3}},"99":{"start":{"line":297,"column":4},"end":{"line":297,"column":26}},"100":{"start":{"line":301,"column":0},"end":{"line":301,"column":35}},"101":{"start":{"line":303,"column":0},"end":{"line":308,"column":3}},"102":{"start":{"line":306,"column":4},"end":{"line":306,"column":26}},"103":{"start":{"line":309,"column":0},"end":{"line":314,"column":3}},"104":{"start":{"line":312,"column":4},"end":{"line":312,"column":30}},"105":{"start":{"line":315,"column":0},"end":{"line":320,"column":3}},"106":{"start":{"line":318,"column":4},"end":{"line":318,"column":31}},"107":{"start":{"line":322,"column":0},"end":{"line":322,"column":40}},"108":{"start":{"line":324,"column":0},"end":{"line":329,"column":3}},"109":{"start":{"line":327,"column":4},"end":{"line":327,"column":32}},"110":{"start":{"line":330,"column":0},"end":{"line":335,"column":3}},"111":{"start":{"line":333,"column":4},"end":{"line":333,"column":36}},"112":{"start":{"line":337,"column":0},"end":{"line":337,"column":36}},"113":{"start":{"line":339,"column":0},"end":{"line":344,"column":3}},"114":{"start":{"line":342,"column":4},"end":{"line":342,"column":28}},"115":{"start":{"line":346,"column":0},"end":{"line":346,"column":38}},"116":{"start":{"line":348,"column":0},"end":{"line":353,"column":3}},"117":{"start":{"line":351,"column":4},"end":{"line":351,"column":30}},"118":{"start":{"line":354,"column":0},"end":{"line":359,"column":3}},"119":{"start":{"line":357,"column":4},"end":{"line":357,"column":38}},"120":{"start":{"line":361,"column":0},"end":{"line":361,"column":45}},"121":{"start":{"line":363,"column":0},"end":{"line":368,"column":3}},"122":{"start":{"line":366,"column":4},"end":{"line":366,"column":36}},"123":{"start":{"line":369,"column":0},"end":{"line":374,"column":3}},"124":{"start":{"line":372,"column":4},"end":{"line":372,"column":43}},"125":{"start":{"line":376,"column":0},"end":{"line":376,"column":39}},"126":{"start":{"line":378,"column":0},"end":{"line":383,"column":3}},"127":{"start":{"line":381,"column":4},"end":{"line":381,"column":30}},"128":{"start":{"line":385,"column":0},"end":{"line":385,"column":41}},"129":{"start":{"line":387,"column":0},"end":{"line":392,"column":3}},"130":{"start":{"line":390,"column":4},"end":{"line":390,"column":32}},"131":{"start":{"line":393,"column":0},"end":{"line":398,"column":3}},"132":{"start":{"line":396,"column":4},"end":{"line":396,"column":39}},"133":{"start":{"line":399,"column":0},"end":{"line":404,"column":3}},"134":{"start":{"line":402,"column":4},"end":{"line":402,"column":41}},"135":{"start":{"line":406,"column":0},"end":{"line":406,"column":34}},"136":{"start":{"line":408,"column":0},"end":{"line":413,"column":3}},"137":{"start":{"line":411,"column":4},"end":{"line":411,"column":26}},"138":{"start":{"line":415,"column":0},"end":{"line":415,"column":32}},"139":{"start":{"line":417,"column":0},"end":{"line":422,"column":3}},"140":{"start":{"line":420,"column":4},"end":{"line":420,"column":24}},"141":{"start":{"line":424,"column":0},"end":{"line":424,"column":30}},"142":{"start":{"line":426,"column":0},"end":{"line":431,"column":3}},"143":{"start":{"line":429,"column":4},"end":{"line":429,"column":22}},"144":{"start":{"line":432,"column":0},"end":{"line":437,"column":3}},"145":{"start":{"line":435,"column":4},"end":{"line":435,"column":21}},"146":{"start":{"line":439,"column":0},"end":{"line":439,"column":39}},"147":{"start":{"line":441,"column":0},"end":{"line":446,"column":3}},"148":{"start":{"line":444,"column":4},"end":{"line":444,"column":30}},"149":{"start":{"line":447,"column":0},"end":{"line":452,"column":3}},"150":{"start":{"line":450,"column":4},"end":{"line":450,"column":34}},"151":{"start":{"line":453,"column":0},"end":{"line":458,"column":3}},"152":{"start":{"line":456,"column":4},"end":{"line":456,"column":35}},"153":{"start":{"line":459,"column":0},"end":{"line":464,"column":3}},"154":{"start":{"line":462,"column":4},"end":{"line":462,"column":38}},"155":{"start":{"line":466,"column":0},"end":{"line":466,"column":32}},"156":{"start":{"line":468,"column":0},"end":{"line":473,"column":3}},"157":{"start":{"line":471,"column":4},"end":{"line":471,"column":24}},"158":{"start":{"line":475,"column":0},"end":{"line":475,"column":41}},"159":{"start":{"line":477,"column":0},"end":{"line":482,"column":3}},"160":{"start":{"line":480,"column":4},"end":{"line":480,"column":32}},"161":{"start":{"line":484,"column":0},"end":{"line":484,"column":32}},"162":{"start":{"line":486,"column":0},"end":{"line":491,"column":3}},"163":{"start":{"line":489,"column":4},"end":{"line":489,"column":24}},"164":{"start":{"line":493,"column":0},"end":{"line":493,"column":45}},"165":{"start":{"line":495,"column":0},"end":{"line":500,"column":3}},"166":{"start":{"line":498,"column":4},"end":{"line":498,"column":36}},"167":{"start":{"line":502,"column":0},"end":{"line":502,"column":40}},"168":{"start":{"line":504,"column":0},"end":{"line":509,"column":3}},"169":{"start":{"line":507,"column":4},"end":{"line":507,"column":32}},"170":{"start":{"line":511,"column":0},"end":{"line":511,"column":36}},"171":{"start":{"line":513,"column":0},"end":{"line":518,"column":3}},"172":{"start":{"line":516,"column":4},"end":{"line":516,"column":28}},"173":{"start":{"line":519,"column":0},"end":{"line":524,"column":3}},"174":{"start":{"line":522,"column":4},"end":{"line":522,"column":36}},"175":{"start":{"line":526,"column":0},"end":{"line":526,"column":47}},"176":{"start":{"line":528,"column":0},"end":{"line":533,"column":3}},"177":{"start":{"line":531,"column":4},"end":{"line":531,"column":38}},"178":{"start":{"line":534,"column":0},"end":{"line":539,"column":3}},"179":{"start":{"line":537,"column":4},"end":{"line":537,"column":42}},"180":{"start":{"line":541,"column":0},"end":{"line":541,"column":30}},"181":{"start":{"line":543,"column":0},"end":{"line":548,"column":3}},"182":{"start":{"line":546,"column":4},"end":{"line":546,"column":22}},"183":{"start":{"line":550,"column":0},"end":{"line":550,"column":38}},"184":{"start":{"line":552,"column":0},"end":{"line":557,"column":3}},"185":{"start":{"line":555,"column":4},"end":{"line":555,"column":30}}},"branchMap":{},"code":["'use strict';","","Object.defineProperty(exports, \"__esModule\", {","  value: true","});","","var _grid = require('./grid');","","Object.defineProperty(exports, 'Grid', {","  enumerable: true,","  get: function get() {","    return _grid.Grid;","  }","});","Object.defineProperty(exports, 'Row', {","  enumerable: true,","  get: function get() {","    return _grid.Row;","  }","});","Object.defineProperty(exports, 'Column', {","  enumerable: true,","  get: function get() {","    return _grid.Column;","  }","});","","var _forms = require('./forms');","","Object.defineProperty(exports, 'FormField', {","  enumerable: true,","  get: function get() {","    return _forms.FormField;","  }","});","Object.defineProperty(exports, 'FormFieldInput', {","  enumerable: true,","  get: function get() {","    return _forms.FormFieldInput;","  }","});","Object.defineProperty(exports, 'FormFieldLabel', {","  enumerable: true,","  get: function get() {","    return _forms.FormFieldLabel;","  }","});","Object.defineProperty(exports, 'FormFieldError', {","  enumerable: true,","  get: function get() {","    return _forms.FormFieldError;","  }","});","Object.defineProperty(exports, 'FormFieldHelp', {","  enumerable: true,","  get: function get() {","    return _forms.FormFieldHelp;","  }","});","Object.defineProperty(exports, 'FormFieldInline', {","  enumerable: true,","  get: function get() {","    return _forms.FormFieldInline;","  }","});","Object.defineProperty(exports, 'FormFieldButton', {","  enumerable: true,","  get: function get() {","    return _forms.FormFieldButton;","  }","});","","var _visibility = require('./visibility');","","Object.defineProperty(exports, 'Visibility', {","  enumerable: true,","  get: function get() {","    return _visibility.Visibility;","  }","});","Object.defineProperty(exports, 'ShowForScreenSize', {","  enumerable: true,","  get: function get() {","    return _visibility.ShowForScreenSize;","  }","});","Object.defineProperty(exports, 'ShowOnlyForScreenSize', {","  enumerable: true,","  get: function get() {","    return _visibility.ShowOnlyForScreenSize;","  }","});","Object.defineProperty(exports, 'HideForScreenSize', {","  enumerable: true,","  get: function get() {","    return _visibility.HideForScreenSize;","  }","});","Object.defineProperty(exports, 'HideOnlyForScreenSize', {","  enumerable: true,","  get: function get() {","    return _visibility.HideOnlyForScreenSize;","  }","});","Object.defineProperty(exports, 'Hide', {","  enumerable: true,","  get: function get() {","    return _visibility.Hide;","  }","});","Object.defineProperty(exports, 'Invisible', {","  enumerable: true,","  get: function get() {","    return _visibility.Invisible;","  }","});","Object.defineProperty(exports, 'ShowForScreenOrientation', {","  enumerable: true,","  get: function get() {","    return _visibility.ShowForScreenOrientation;","  }","});","Object.defineProperty(exports, 'HideForScreenOrientation', {","  enumerable: true,","  get: function get() {","    return _visibility.HideForScreenOrientation;","  }","});","Object.defineProperty(exports, 'ShowForScreenReader', {","  enumerable: true,","  get: function get() {","    return _visibility.ShowForScreenReader;","  }","});","Object.defineProperty(exports, 'HideForScreenReader', {","  enumerable: true,","  get: function get() {","    return _visibility.HideForScreenReader;","  }","});","Object.defineProperty(exports, 'ShowOnFocus', {","  enumerable: true,","  get: function get() {","    return _visibility.ShowOnFocus;","  }","});","","var _float = require('./float');","","Object.defineProperty(exports, 'Float', {","  enumerable: true,","  get: function get() {","    return _float.Float;","  }","});","Object.defineProperty(exports, 'ClearFix', {","  enumerable: true,","  get: function get() {","    return _float.ClearFix;","  }","});","","var _print = require('./print');","","Object.defineProperty(exports, 'Print', {","  enumerable: true,","  get: function get() {","    return _print.Print;","  }","});","Object.defineProperty(exports, 'ShowForPrint', {","  enumerable: true,","  get: function get() {","    return _print.ShowForPrint;","  }","});","Object.defineProperty(exports, 'HideForPrint', {","  enumerable: true,","  get: function get() {","    return _print.HideForPrint;","  }","});","","var _typographyHelpers = require('./typography-helpers');","","Object.defineProperty(exports, 'TypographyHelpers', {","  enumerable: true,","  get: function get() {","    return _typographyHelpers.TypographyHelpers;","  }","});","Object.defineProperty(exports, 'Subheader', {","  enumerable: true,","  get: function get() {","    return _typographyHelpers.Subheader;","  }","});","Object.defineProperty(exports, 'Lead', {","  enumerable: true,","  get: function get() {","    return _typographyHelpers.Lead;","  }","});","Object.defineProperty(exports, 'UnbulletedList', {","  enumerable: true,","  get: function get() {","    return _typographyHelpers.UnbulletedList;","  }","});","Object.defineProperty(exports, 'Statistic', {","  enumerable: true,","  get: function get() {","    return _typographyHelpers.Statistic;","  }","});","","var _textAlignment = require('./text-alignment');","","Object.defineProperty(exports, 'TextAlignment', {","  enumerable: true,","  get: function get() {","    return _textAlignment.TextAlignment;","  }","});","","var _button = require('./button');","","Object.defineProperty(exports, 'Button', {","  enumerable: true,","  get: function get() {","    return _button.Button;","  }","});","","var _buttonGroup = require('./button-group');","","Object.defineProperty(exports, 'ButtonGroup', {","  enumerable: true,","  get: function get() {","    return _buttonGroup.ButtonGroup;","  }","});","","var _closeButton = require('./close-button');","","Object.defineProperty(exports, 'CloseButton', {","  enumerable: true,","  get: function get() {","    return _closeButton.CloseButton;","  }","});","","var _switch = require('./switch');","","Object.defineProperty(exports, 'Switch', {","  enumerable: true,","  get: function get() {","    return _switch.Switch;","  }","});","Object.defineProperty(exports, 'RadioSwitch', {","  enumerable: true,","  get: function get() {","    return _switch.RadioSwitch;","  }","});","Object.defineProperty(exports, 'SwitchCheckedLabel', {","  enumerable: true,","  get: function get() {","    return _switch.SwitchCheckedLabel;","  }","});","Object.defineProperty(exports, 'SwitchUncheckedLabel', {","  enumerable: true,","  get: function get() {","    return _switch.SwitchUncheckedLabel;","  }","});","Object.defineProperty(exports, 'SwitchPadelLabel', {","  enumerable: true,","  get: function get() {","    return _switch.SwitchPadelLabel;","  }","});","","var _menu = require('./menu');","","Obj
[...]
ropTypes.string,","  position: _react.PropTypes.oneOf(_constants.TOP_BAR_POSITIONS).isRequired","};","","var TopBarTitle = exports.TopBarTitle = function TopBarTitle(_ref2) {","  var className = _ref2.className;","  var restProps = (0, _objectWithoutProperties3.default)(_ref2, ['className']);","","  var classNames = (0, _classnames2.default)(className, cxStyles('top-bar-title'));","","  return _react2.default.createElement('div', (0, _extends3.default)({}, restProps, { className: classNames }));","};","","TopBarTitle.propTypes = {","  className: _react.PropTypes.string","};","","var TopBar = exports.TopBar = function TopBar(_ref3) {","  var className = _ref3.className;","  var stack = _ref3.stack;","  var restProps = (0, _objectWithoutProperties3.default)(_ref3, ['className', 'stack']);","","  var classNames = (0, _classnames2.default)(className, cxStyles('top-bar', (0, _defineProperty3.default)({}, 'stacked-for-' + stack, (0, _includes2.default)(_constants.SCREEN_SIZES, stack))));","","  return _react2.default.createElement('div', (0, _extends3.default)({}, restProps, { className: classNames }));","};","","TopBar.propTypes = {","  className: _react.PropTypes.string,","  stack: _react.PropTypes.oneOf(_constants.SCREEN_SIZES)","};","TopBar.defaultProps = {","  stack: _constants.SCREEN_SIZE_SMALL","};","","TopBar.Item = TopBarItem;","TopBar.Title = TopBarTitle;","","exports.default = TopBar;"],"l":{"3":1,"6":1,"8":1,"10":1,"12":1,"14":1,"16":1,"18":1,"20":1,"22":1,"24":1,"26":1,"28":1,"30":1,"32":1,"34":1,"36":1,"38":1,"40":1,"42":8,"44":1,"45":1,"47":1,"48":0,"49":0,"50":0,"52":0,"54":0,"57":1,"62":1,"63":0,"64":0,"66":0,"68":0,"71":1,"75":1,"76":0,"77":0,"78":0,"80":0,"82":0,"85":1,"89":1,"93":1,"94":1,"96":1}},"/home/travis/build/npmtest/node-npmtest-react-foundation-components/node_modules/react-foundation-components/lib/global/media-object/index.js":{"path":"/home/travis/build/npmtest/node-npmtest-react-foundation-components/node_modules/react-foundation-components/lib/global/media-object/index.js","s":{"1":1,"2":1,"3":1,"4":1,"5":1,"6":1,"7":1,"8":1,"9":1,"10":1,"11":1,"12":1,"13":1,"14":1,"15":1,"16":1,"17":1,"18":1,"19":1,"20":1,"21":1,"22":8,"23":1,"24":1,"25":1,"26":0,"27":0,"28":0,"29":0,"30":0,"31":0,"32":0,"33":0,"34":0,"35":0,"36":1,"37":1,"38":0,"39":0,"40":0,"41":0,"42":0,"43":1,"44":1,"45":1},"b":{"1":[3,5],"2":[8,8],"3":[0,0],"4":[0,0],"5":[0,0],"6":[0,1]},"f":{"1":8,"2":0,"3":0},"fnMap":{"1":{"name":"_interopRequireDefault","line":44,"loc":{"start":{"line":44,"column":0},"end":{"line":44,"column":37}}},"2":{"name":"MediaObjectSection","line":49,"loc":{"start":{"line":49,"column":54},"end":{"line":49,"column":88}}},"3":{"name":"MediaObject","line":75,"loc":{"start":{"line":75,"column":40},"end":{"line":75,"column":68}}}},"statementMap":{"1":{"start":{"line":3,"column":0},"end":{"line":5,"column":3}},"2":{"start":{"line":6,"column":0},"end":{"line":6,"column":61}},"3":{"start":{"line":8,"column":0},"end":{"line":8,"column":57}},"4":{"start":{"line":10,"column":0},"end":{"line":10,"column":50}},"5":{"start":{"line":12,"column":0},"end":{"line":12,"column":71}},"6":{"start":{"line":14,"column":0},"end":{"line":14,"column":64}},"7":{"start":{"line":16,"column":0},"end":{"line":16,"column":89}},"8":{"start":{"line":18,"column":0},"end":{"line":18,"column":82}},"9":{"start":{"line":20,"column":0},"end":{"line":20,"column":30}},"10":{"start":{"line":22,"column":0},"end":{"line":22,"column":45}},"11":{"start":{"line":24,"column":0},"end":{"line":24,"column":40}},"12":{"start":{"line":26,"column":0},"end":{"line":26,"column":55}},"13":{"start":{"line":28,"column":0},"end":{"line":28,"column":34}},"14":{"start":{"line":30,"column":0},"end":{"line":30,"column":43}},"15":{"start":{"line":32,"column":0},"end":{"line":32,"column":43}},"16":{"start":{"line":34,"column":0},"end":{"line":34,"column":51}},"17":{"start":{"line":36,"column":0},"end":{"line":36,"column":49}},"18":{"start":{"line":38,"column":0},"end":{"line":38,"column":40}},"19":{"start":{"line":40,"column":0},"end":{"line":40,"column":17}},"20":{"start":{"line":42,"column":0},"end":{"line":42,"column":47}},"21":{"start":{"line":44,"column":0},"end":{"line":44,"column":95}},"22":{"start":{"line":44,"column":39},"end":{"line":44,"column":93}},"23":{"start":{"line":46,"column":0},"end":{"line":46,"column":53}},"24":{"start":{"line":47,"column":0},"end":{"line":47,"column":25}},"25":{"start":{"line":49,"column":0},"end":{"line":67,"column":2}},"26":{"start":{"line":50,"column":2},"end":{"line":50,"column":16}},"27":{"start":{"line":52,"column":2},"end":{"line":52,"column":33}},"28":{"start":{"line":53,"column":2},"end":{"line":53,"column":23}},"29":{"start":{"line":54,"column":2},"end":{"line":54,"column":49}},"30":{"start":{"line":55,"column":2},"end":{"line":55,"column":107}},"31":{"start":{"line":57,"column":2},"end":{"line":57,"column":365}},"32":{"start":{"line":58,"column":2},"end":{"line":58,"column":21}},"33":{"start":{"line":60,"column":2},"end":{"line":62,"column":3}},"34":{"start":{"line":61,"column":4},"end":{"line":61,"column":52}},"35":{"start":{"line":64,"column":2},"end":{"line":66,"column":17}},"36":{"start":{"line":69,"column":0},"end":{"line":73,"column":2}},"37":{"start":{"line":75,"column":0},"end":{"line":83,"column":2}},"38":{"start":{"line":76,"column":2},"end":{"line":76,"column":34}},"39":{"start":{"line":77,"column":2},"end":{"line":77,"column":42}},"40":{"start":{"line":78,"column":2},"end":{"line":78,"column":96}},"41":{"start":{"line":80,"column":2},"end":{"line":80,"column":120}},"42":{"start":{"line":82,"column":2},"end":{"line":82,"column":127}},"43":{"start":{"line":85,"column":0},"end":{"line":88,"column":2}},"44":{"start":{"line":90,"column":0},"end":{"line":90,"column":41}},"45":{"start":{"line":92,"column":0},"end":{"line":92,"column":30}}},"branchMap":{"1":{"line":44,"type":"cond-expr","locations":[{"start":{"line":44,"column":70},"end":{"line":44,"column":73}},{"start":{"line":44,"column":76},"end":{"line":44,"column":92}}]},"2":{"line":44,"type":"binary-expr","locations":[{"start":{"line":44,"column":46},"end":{"line":44,"column":49}},{"start":{"line":44,"column":53},"end":{"line":44,"column":67}}]},"3":{"line":57,"type":"binary-expr","locations":[{"start":{"line":57,"column":166},"end":{"line":57,"column":179}},{"start":{"line":57,"column":183},"end":{"line":57,"column":269}}]},"4":{"line":57,"type":"binary-expr","locations":[{"start":{"line":57,"column":329},"end":{"line":57,"column":341}},{"start":{"line":57,"column":345},"end":{"line":57,"column":349}}]},"5":{"line":60,"type":"if","locations":[{"start":{"line":60,"column":2},"end":{"line":60,"column":2}},{"start":{"line":60,"column":2},"end":{"line":60,"column":2}}]},"6":{"line":72,"type":"cond-expr","locations":[{"start":{"line":72,"column":59},"end":{"line":72,"column":94}},{"start":{"line":72,"column":97},"end":{"line":72,"column":139}}]}},"code":["'use strict';","","Object.defineProperty(exports, \"__esModule\", {","  value: true","});","exports.MediaObject = exports.MediaObjectSection = undefined;","","var _extends2 = require('babel-runtime/helpers/extends');","","var _extends3 = _interopRequireDefault(_extends2);","","var _defineProperty2 = require('babel-runtime/helpers/defineProperty');","","var _defineProperty3 = _interopRequireDefault(_defineProperty2);","","var _objectWithoutProperties2 = require('babel-runtime/helpers/objectWithoutProperties');","","var _objectWithoutProperties3 = _interopRequireDefault(_objectWithoutProperties2);","","var _react = require('react');","","var _react2 = _interopRequireDefault(_react);","","var _classnames = require('classnames');","","var _classnames2 = _interopRequireDefault(_classnames);","","var _bind = require('classnames');","","var _bind2 = _interopRequireDefault(_bind);","","var _includes = require('lodash/includes');","","var _includes2 = _interopRequireDefault(_includes);","","var _constants = require('../../util/constants');","","var _flexMock = require('../flex-mock');","","var _styles = {};","","var _styles2 = _interopRequireDefault(_styles);","","function _interopRequireDefault(obj) { return obj && obj.__esModule ? obj : { default: obj }; }","","var cxStyles = _bind2.default.bind(_styles2.default);","var IS_FLEX_MODE = false;","","var MediaObjectSection = exports.MediaObjectSection = function MediaObjectSection(_ref) {","  var _cxStyles;","","  var className = _ref.className;","  var main = _ref.main;","  var verticalAlignment = _ref.verticalAlignment;","  var restProps = (0, _objectWithoutProperties3.default)(_ref, ['className', 'main', 'verticalAlignment']);","","  var classNames = (0, _classnames2.default)(className, cxStyles('media-object-section', (_cxStyles = {}, (0, _defineProperty3.default)(_cxStyles, verticalAlignment, !IS_FLEX_MODE && (0, _includes2.default)(_constants.MEDIA_OBJECT_SECTION_ALIGNMENTS, verticalAlignment)), (0, _defineProperty3.default)(_cxStyles, 'main-section', IS_FLEX_MODE && main), _cxStyles)));","  var flexProps = {};","","  if (IS_FLEX_MODE) {","    flexProps.verticalAlignment = verticalAlignment;","  }","","  return _react2.default.createElement(_flexMock.FlexChild, (0, _extends3.default)({}, restProps, {","    className: classNames","  }, flexProps));","};","","MediaObjectSection.propTypes = {","  className: _react.PropTypes.string,","  main: _react.PropTypes.bool,","  verticalAlignment: _react.PropTypes.oneOf(IS_FLEX_MODE ? _constants.FLEX_VERTICAL_ALIGNMENTS : _constants.MEDIA_OBJECT_SECTION_ALIGNMENTS)","};","","var MediaObject = exports.MediaObject = function MediaObject(_ref2) {","  var className = _ref2.className;","  var stackForSmall = _ref2.stackForSmall;","  var restProps = (0, _objectWithoutProperties3.default)(_ref2, ['className', 'stackForSmall']);","","  var classNames = (0, _classnames2.default)(className, cxStyles('media-object', { 'stack-for-small': stackForSmall }));","","  return _react2.default.createElement(_flexMock.FlexParent, (0, _extends3.default)({}, restProps, { className: classNames }));","};","","MediaObject.propTypes = {","  className: _react.PropTypes.string,","  stackForSmall: _react.PropTypes.bool","};","","MediaObject.Section = MediaObjectSection;","","exports.default = MediaObject;"],"l":{"3":1,"6":1,"8":1,"10":1,"12":1,"14":1,"16":1,"18":1,"20":1,"22":1,"24":1,"26":1,"28":1,"30":1,"32":1,"34":1,"36":1,"38":1,"40":1,"42":1,"44":8,"46":1,"47":1,"49":1,"50":0,"52":0,"53":0,"54":0,"55":0,"57":0,"58":0,"60":0,"61":0,"64":0,"69":1,"75":1,"76":0,"77":0,"78":0,"80":0,"82":0,"85":1,"90":1,"92":1}},"/home/travis/build/npmtest/node-npmtest-react-foundation-components/node_modules/react-foundation-components/lib/global/title-bar/index.js":{"path":"/home/travis/build/npmtest/node-npmtest-react-foundation-components/node_modules/react-foundation-components/lib/global/title-bar/index.js","s":{"1":1,"2":1,"3":1,"4":1,"5":1,"6":1,"7":1,"8":1,"9":1,"10":1,"11":1,"12":1,"13":1,"14":1,"15":1,"16":1,"17":1,"18":1,"19":1,"20":1,"21":1,"22":8,"23":1,"24":1,"25":0,"26":0,"27":0,"28":0,"29":0,"30":1,"31":1,"32":0,"33":0,"34":0,"35":0,"36":1,"37":1,"38":0,"39":0,"40":0,"41":0,"42":0,"43":1,"44":1,"45":0,"46":0,"47":0,"48":0,"49":1,"50":1,"51":1,"52":1,"53":1},"b":{"1":[3,5],"2":[8,8]},"f":{"1":8,"2":0,"3":0,"4":0,"5":0},"fnMap":{"1":{"name":"_interopRequireDefault","line":44,"loc":{"start":{"line":44,"column":0},"end":{"line":44,"column":37}}},"2":{"name":"TitleBarItem","line":48,"loc":{"start":{"line":48,"column":42},"end":{"line":48,"column":70}}},"3":{"name":"TitleBarTitle","line":63,"loc":{"start":{"line":63,"column":44},"end":{"line":63,"column":74}}},"4":{"name":"TitleBarMenuIcon","line":76,"loc":{"start":{"line":76,"column":50},"end":{"line":76,"column":83}}},"5":{"name":"TitleBar","line":91,"loc":{"start":{"line":91,"column":34},"end":{"line":91,"column":59}}}},"statementMap":{"1":{"start":{"line":3,"column":0},"end":{"line":5,"column":3}},"2":{"start":{"line":6,"column":0},"end":{"line":6,"column":103}},"3":{"start":{"line":8,"column":0},"end":{"line":8,"column":57}},"4":{"start":{"line":10,"column":0},"end":{"line":10,"column":50}},"5":{"start":{"line":12,"column":0},"end":{"line":12,"column":71}},"6":{"start":{"line":14,"column":0},"end":{"line":14,"column":64}},"7":{"start":{"line":16,"column":0},"end":{"line":16,"column":89}},"8":{"start":{"line":18,"column":0},"end":{"line":18,"column":82}},"9":{"start":{"line":20,"column":0},"end":{"line":20,"column":30}},"10":{"start":{"line":22,"column":0},"end":{"line":22,"column":45}},"11":{"start":{"line":24,"column":0},"end":{"line":24,"column":40}},"12":{"start":{"line":26,"column":0},"end":{"line":26,"column":55}},"13":{"start":{"line":28,"column":0},"end":{"line":28,"column":34}},"14":{"start":{"line":30,"column":0},"end":{"line":30,"column":43}},"15":{"start":{"line":32,"column":0},"end":{"line":32,"column":43}},"16":{"start":{"line":34,"column":0},"end":{"line":34,"column":51}},"17":{"start":{"line":36,"column":0},"end":{"line":36,"column":49}},"18":{"start":{"line":38,"column":0},"end":{"line":38,"column":40}},"19":{"start":{"line":40,"column":0},"end":{"line":40,"column":17}},"20":{"start":{"line":42,"column":0},"end":{"line":42,"column":47}},"21":{"start":{"line":44,"column":0},"end":{"line":44,"column":95}},"22":{"start":{"line":44,"column":39},"end":{"line":44,"column":93}},"23":{"start":{"line":46,"column":0},"end":{"line":46,"column":53}},"24":{"start":{"line":48,"column":0},"end":{"line":56,"column":2}},"25":{"start":{"line":49,"column":2},"end":{"line":49,"column":33}},"26":{"start":{"line":50,"column":2},"end":{"line":50,"column":31}},"27":{"start":{"line":51,"column":2},"end":{"line":51,"column":90}},"28":{"start":{"line":53,"column":2},"end":{"line":53,"column":193}},"29":{"start":{"line":55,"column":2},"end":{"line":55,"column":112}},"30":{"start":{"line":58,"column":0},"end":{"line":61,"column":2}},"31":{"start":{"line":63,"column":0},"end":{"line":70,"column":2}},"32":{"start":{"line":64,"column":2},"end":{"line":64,"column":34}},"33":{"start":{"line":65,"column":2},"end":{"line":65,"column":79}},"34":{"start":{"line":67,"column":2},"end":{"line":67,"column":85}},"35":{"start":{"line":69,"column":2},"end":{"line":69,"column":113}},"36":{"start":{"line":72,"column":0},"end":{"line":74,"column":2}},"37":{"start":{"line":76,"column":0},"end":{"line":84,"column":2}},"38":{"start":{"line":77,"column":2},"end":{"line":77,"column":34}},"39":{"start":{"line":78,"column":2},"end":{"line":78,"column":24}},"40":{"start":{"line":79,"column":2},"end":{"line":79,"column":87}},"41":{"start":{"line":81,"column":2},"end":{"line":81,"column":95}},"42":{"start":{"line":83,"column":2},"end":{"line":83,"column":125}},"43":{"start":{"line":86,"column":0},"end":{"line":89,"column":2}},"44":{"start":{"line":91,"column":0},"end":{"line":98,"column":2}},"45":{"start":{"line":92,"column":2},"end":{"line":92,"column":34}},"46":{"start":{"line":93,"column":2},"end":{"line":93,"column":79}},"47":{"start":{"line":95,"column":2},"end":{"line":95,"column":79}},"48":{"start":{"line":97,"column":2},"end":{"line":97,"column":112}},"49":{"start":{"line":100,"column":0},"end":{"line":102,"column":2}},"50":{"start":{"line":104,"column":0},"end":{"line":104,"column":29}},"51":{"start":{"line":105,"column":0},"end":{"line":105,"column":31}},"52":{"start":{"line":106,"column":0},"end":{"line":106,"column":37}},"53":{"start":{"line":108,"column":0},"end":{"line":108,"column":27}}},"branchMap":{"1":{"line":44,"type":"cond-expr","locations":[{"start":{"line":44,"column":70},"end":{"line":44,"column":73}},{"start":{"line":44,"column":76},"end":{"line":44,"column":92}}]},"2":{"line":44,"type":"binary-expr","locations":[{"start":{"line":44,"column":46},"end":{"line":44,"column":49}},{"start":{"line":44,"column":53},"end":{"line":44,"column":67}}]}},"code":["'use strict';","","Object.defineProperty(exports, \"__esModule\", {","  value: true","});","exports.TitleBar = exports.TitleBarMenuIcon = exports.TitleBarTitle = exports.TitleBarItem = undefined;","","var _extends2 = require('babel-runtime/helpers/extends');","","var _extends3 = _interopRequireDefault(_extends2);","","var _defineProperty2 = require('babel-runtime/helpers/defineProperty');","","var _defineProperty3 = _interopRequireDefault(_defineProperty2);","","var _objectWithoutProperties2 = require('babel-runtime/helpers/objectWithoutProperties');","","var _objectWithoutProperties3 = _interopRequireDefault(_objectWithoutProperties2);","","var _react = require('react');","","var _react2 = _interopRequireDefault(_react);","","var _classnames = require('classnames');","","var _classnames2 = _interopRequireDefault(_classnames);","","var _bind = require('classnames');","","var _bind2 = _interopRequireDefault(_bind);","","var _includes = require('lodash/includes');","","var _includes2 = _interopRequireDefault(_includes);","","var _constants = require('../../util/constants');","","var _menuIcon = require('../menu-icon');","","var _styles = {};","","var _styles2 = _interopRequireDefault(_styles);","","function _interopRequireDefault(obj) { return obj && obj.__esModule ? obj : { default: obj }; }","","var cxStyles = _bind2.default.bind(_styles2.default);","","var TitleBarItem = exports.TitleBarItem = function TitleBarItem(_ref) {","  var className = _ref.className;","  var position = _ref.position;","  var restProps = (0, _objectWithoutProperties3.default)(_ref, ['className', 'position']);","","  var classNames = (0, _classnames2.default)(className, cxStyles((0, _defineProperty3.default)({}, 'title-bar-' + position, (0, _includes2.default)(_constants.TITLE_BAR_POSITIONS, position))));","","  return _react2.default.createElement('div', (0, _extends3.default)({}, restProps, { className: classNames }));","};","","TitleBarItem.propTypes = {","  className: _react.PropTypes.string,","  position: _react.PropTypes.oneOf(_constants.TITLE_BAR_POSITIONS).isRequired","};","","var TitleBarTitle = exports.TitleBarTitle = function TitleBarTitle(_ref2) {","  var className = _ref2.className;","  var restProps = (0, _objectWithoutProperties3.default)(_ref2, ['className']);","","  var classNames = (0, _classnames2.default)(className, cxStyles('title-bar-title'));","","  return _react2.default.createElement('span', (0, _extends3.default)({}, restProps, { className: classNames }));","};","","TitleBarTitle.propTypes = {","  className: _react.PropTypes.string","};","","var TitleBarMenuIcon = exports.TitleBarMenuIcon = function TitleBarMenuIcon(_ref3) {","  var className = _ref3.className;","  var dark = _ref3.dark;","  var restProps = (0, _objectWithoutProperties3.default)(_ref3, ['className', 'dark']);","","  var classNames = (0, _classnames2.default)(className, cxStyles('menu-icon', { dark: dark }));","","  return _react2.default.createElement(_menuIcon.MenuIcon, (0, _extends3.default)({}, restProps, { className: classNames }));","};","","TitleBarMenuIcon.propTypes = {","  className: _react.PropTypes.string,","  dark: _react.PropTypes.bool","};","","var TitleBar = exports.TitleBar = function TitleBar(_ref4) {","  var className = _ref4.className;","  var restProps = (0, _objectWithoutProperties3.default)(_ref4, ['className']);","","  var classNames = (0, _classnames2.default)(className, cxStyles('title-bar'));","","  return _react2.default.createElement('div', (0, _extends3.default)({}, restProps, { className: classNames }));","};","","TitleBar.propTypes = {","  className: _react.PropTypes.string","};","","TitleBar.Item = TitleBarItem;","TitleBar.Title = TitleBarTitle;","TitleBar.MenuIcon = TitleBarMenuIcon;","","exports.default = TitleBar;"],"l":{"3":1,"6":1,"8":1,"10":1,"12":1,"14":1,"16":1,"18":1,"20":1,"22":1,"24":1,"26":1,"28":1,"30":1,"32":1,"34":1,"36":1,"38":1,"40":1,"42":1,"44":8,"46":1,"48":1,"49":0,"50":0,"51":0,"53":0,"55":0,"58":1,"63":1,"64":0,"65":0,"67":0,"69":0,"72":1,"76":1,"77":0,"78":0,"79":0,"81":0,"83":0,"86":1,"91":1,"92":0,"93":0,"95":0,"97":0,"100":1,"104":1,"105":1,"106":1,"108":1}}}